{"numTotalTestSuites":11,"numPassedTestSuites":11,"numFailedTestSuites":0,"numPendingTestSuites":0,"numTotalTests":37,"numPassedTests":37,"numFailedTests":0,"numPendingTests":0,"numTodoTests":0,"startTime":1771593368914,"success":true,"testResults":[{"assertionResults":[{"ancestorTitles":["","Babysitter SDK CLI"],"fullName":" Babysitter SDK CLI babysitter health --json returns valid JSON","status":"passed","title":"babysitter health --json returns valid JSON","duration":159,"failureMessages":[]},{"ancestorTitles":["","Babysitter SDK CLI"],"fullName":" Babysitter SDK CLI session:init and session:state roundtrip","status":"passed","title":"session:init and session:state roundtrip","duration":210,"failureMessages":[]},{"ancestorTitles":["","Babysitter SDK CLI"],"fullName":" Babysitter SDK CLI session:update increments iteration","status":"passed","title":"session:update increments iteration","duration":226,"failureMessages":[]},{"ancestorTitles":["","Babysitter SDK CLI"],"fullName":" Babysitter SDK CLI session:update --delete removes session","status":"passed","title":"session:update --delete removes session","duration":239,"failureMessages":[]}],"startTime":1771593467267,"endTime":1771593468102,"status":"passed","message":"","name":"C:/Users/tmusk/IdeaProjects/babysitter/e2e-tests/docker/sdk-cli.test.ts"},{"assertionResults":[{"ancestorTitles":["","Stop hook core lifecycle"],"fullName":" Stop hook core lifecycle exits 0 (allows exit) when no session state exists","status":"passed","title":"exits 0 (allows exit) when no session state exists","duration":315,"failureMessages":[]},{"ancestorTitles":["","Stop hook core lifecycle"],"fullName":" Stop hook core lifecycle blocks exit when active session state exists","status":"passed","title":"blocks exit when active session state exists","duration":1361,"failureMessages":[]},{"ancestorTitles":["","Stop hook core lifecycle"],"fullName":" Stop hook core lifecycle increments iteration counter on each invocation","status":"passed","title":"increments iteration counter on each invocation","duration":1727,"failureMessages":[]},{"ancestorTitles":["","Stop hook core lifecycle"],"fullName":" Stop hook core lifecycle detects completion proof and allows exit","status":"passed","title":"detects completion proof and allows exit","duration":1635,"failureMessages":[]},{"ancestorTitles":["","Stop hook core lifecycle"],"fullName":" Stop hook core lifecycle handles empty JSON input gracefully","status":"passed","title":"handles empty JSON input gracefully","duration":263,"failureMessages":[]},{"ancestorTitles":["","Stop hook iteration safety limits"],"fullName":" Stop hook iteration safety limits allows exit when max iterations reached","status":"passed","title":"allows exit when max iterations reached","duration":991,"failureMessages":[]},{"ancestorTitles":["","Stop hook iteration safety limits"],"fullName":" Stop hook iteration safety limits allows exit when iterations are too fast (runaway detection)","status":"passed","title":"allows exit when iterations are too fast (runaway detection)","duration":1049,"failureMessages":[]},{"ancestorTitles":["","Stop hook transcript parsing"],"fullName":" Stop hook transcript parsing handles missing transcript gracefully","status":"passed","title":"handles missing transcript gracefully","duration":895,"failureMessages":[]},{"ancestorTitles":["","Stop hook transcript parsing"],"fullName":" Stop hook transcript parsing allows exit when transcript has no assistant messages","status":"passed","title":"allows exit when transcript has no assistant messages","duration":1011,"failureMessages":[]},{"ancestorTitles":["","Stop hook transcript parsing"],"fullName":" Stop hook transcript parsing allows exit when assistant message has only non-text content","status":"passed","title":"allows exit when assistant message has only non-text content","duration":1069,"failureMessages":[]},{"ancestorTitles":["","Stop hook run state handling"],"fullName":" Stop hook run state handling blocks exit and tells agent to extract proof when run is completed but no promise tag","status":"passed","title":"blocks exit and tells agent to extract proof when run is completed but no promise tag","duration":1866,"failureMessages":[]},{"ancestorTitles":["","Stop hook run state handling"],"fullName":" Stop hook run state handling blocks exit when completed run has wrong promise value","status":"passed","title":"blocks exit when completed run has wrong promise value","duration":1997,"failureMessages":[]},{"ancestorTitles":["","Stop hook run state handling"],"fullName":" Stop hook run state handling blocks exit and reports waiting effects when run has pending tasks","status":"passed","title":"blocks exit and reports waiting effects when run has pending tasks","duration":1985,"failureMessages":[]},{"ancestorTitles":["","Stop hook run state handling"],"fullName":" Stop hook run state handling blocks exit and reports failure when run is failed","status":"passed","title":"blocks exit and reports failure when run is failed","duration":1890,"failureMessages":[]},{"ancestorTitles":["","Stop hook run state handling"],"fullName":" Stop hook run state handling allows exit when run directory is misconfigured (empty state)","status":"passed","title":"allows exit when run directory is misconfigured (empty state)","duration":1072,"failureMessages":[]}],"startTime":1771593437475,"endTime":1771593456602,"status":"passed","message":"","name":"C:/Users/tmusk/IdeaProjects/babysitter/e2e-tests/docker/stop-hook.test.ts"},{"assertionResults":[{"ancestorTitles":["","Docker structural tests"],"fullName":" Docker structural tests babysitter CLI is available and returns a version","status":"passed","title":"babysitter CLI is available and returns a version","duration":189,"failureMessages":[]},{"ancestorTitles":["","Docker structural tests"],"fullName":" Docker structural tests claude CLI is available","status":"passed","title":"claude CLI is available","duration":742,"failureMessages":[]},{"ancestorTitles":["","Docker structural tests"],"fullName":" Docker structural tests Node.js v20+ is installed","status":"passed","title":"Node.js v20+ is installed","duration":150,"failureMessages":[]},{"ancestorTitles":["","Docker structural tests"],"fullName":" Docker structural tests jq is installed","status":"passed","title":"jq is installed","duration":136,"failureMessages":[]},{"ancestorTitles":["","Docker structural tests"],"fullName":" Docker structural tests runs as non-root user claude","status":"passed","title":"runs as non-root user claude","duration":134,"failureMessages":[]},{"ancestorTitles":["","Docker structural tests"],"fullName":" Docker structural tests HOME is /home/claude","status":"passed","title":"HOME is /home/claude","duration":127,"failureMessages":[]},{"ancestorTitles":["","Docker structural tests"],"fullName":" Docker structural tests /entrypoint.sh exists and is executable","status":"passed","title":"/entrypoint.sh exists and is executable","duration":128,"failureMessages":[]},{"ancestorTitles":["","Docker structural tests"],"fullName":" Docker structural tests /workspace directory exists","status":"passed","title":"/workspace directory exists","duration":151,"failureMessages":[]},{"ancestorTitles":["","Plugin installation"],"fullName":" Plugin installation plugin directory exists","status":"passed","title":"plugin directory exists","duration":142,"failureMessages":[]},{"ancestorTitles":["","Plugin installation"],"fullName":" Plugin installation plugin.json exists with correct skills","status":"passed","title":"plugin.json exists with correct skills","duration":146,"failureMessages":[]},{"ancestorTitles":["","Plugin installation"],"fullName":" Plugin installation hooks.json registers Stop hook","status":"passed","title":"hooks.json registers Stop hook","duration":136,"failureMessages":[]},{"ancestorTitles":["","Plugin installation"],"fullName":" Plugin installation hooks.json registers SessionStart hook","status":"passed","title":"hooks.json registers SessionStart hook","duration":150,"failureMessages":[]},{"ancestorTitles":["","Plugin installation"],"fullName":" Plugin installation stop hook script is executable","status":"passed","title":"stop hook script is executable","duration":122,"failureMessages":[]},{"ancestorTitles":["","Plugin installation"],"fullName":" Plugin installation session start hook script is executable","status":"passed","title":"session start hook script is executable","duration":115,"failureMessages":[]},{"ancestorTitles":["","Plugin installation"],"fullName":" Plugin installation installed_plugins.json has correct install path","status":"passed","title":"installed_plugins.json has correct install path","duration":146,"failureMessages":[]},{"ancestorTitles":["","Plugin installation"],"fullName":" Plugin installation settings.json enables babysitter plugin","status":"passed","title":"settings.json enables babysitter plugin","duration":151,"failureMessages":[]},{"ancestorTitles":["","Plugin installation"],"fullName":" Plugin installation error-codes.sh is sourceable","status":"passed","title":"error-codes.sh is sourceable","duration":119,"failureMessages":[]},{"ancestorTitles":["","Entrypoint validation"],"fullName":" Entrypoint validation rejects missing API key","status":"passed","title":"rejects missing API key","duration":111,"failureMessages":[]}],"startTime":1771593460400,"endTime":1771593463497,"status":"passed","message":"","name":"C:/Users/tmusk/IdeaProjects/babysitter/e2e-tests/docker/structural.test.ts"}]}