{"C:\\Users\\tmusk\\IdeaProjects\\babysitter\\packages\\vscode-extension\\src\\extension.ts": {"path":"C:\\Users\\tmusk\\IdeaProjects\\babysitter\\packages\\vscode-extension\\src\\extension.ts","all":false,"statementMap":{"0":{"start":{"line":1,"column":0},"end":{"line":1,"column":33}},"11":{"start":{"line":12,"column":0},"end":{"line":12,"column":20}},"12":{"start":{"line":13,"column":0},"end":{"line":13,"column":24}},"13":{"start":{"line":14,"column":0},"end":{"line":14,"column":39}},"14":{"start":{"line":15,"column":0},"end":{"line":15,"column":35}},"16":{"start":{"line":17,"column":0},"end":{"line":17,"column":66}},"17":{"start":{"line":18,"column":0},"end":{"line":18,"column":61}},"18":{"start":{"line":19,"column":0},"end":{"line":19,"column":26}},"19":{"start":{"line":20,"column":0},"end":{"line":20,"column":41}},"20":{"start":{"line":21,"column":0},"end":{"line":21,"column":63}},"21":{"start":{"line":22,"column":0},"end":{"line":22,"column":6}},"22":{"start":{"line":23,"column":0},"end":{"line":23,"column":11}},"23":{"start":{"line":24,"column":0},"end":{"line":24,"column":3}},"24":{"start":{"line":25,"column":0},"end":{"line":25,"column":55}},"30":{"start":{"line":31,"column":0},"end":{"line":31,"column":38}},"31":{"start":{"line":32,"column":0},"end":{"line":32,"column":21}},"33":{"start":{"line":34,"column":0},"end":{"line":34,"column":42}},"35":{"start":{"line":36,"column":0},"end":{"line":36,"column":49}},"36":{"start":{"line":37,"column":0},"end":{"line":37,"column":68}},"37":{"start":{"line":38,"column":0},"end":{"line":38,"column":35}},"38":{"start":{"line":39,"column":0},"end":{"line":39,"column":26}},"39":{"start":{"line":40,"column":0},"end":{"line":40,"column":5}},"41":{"start":{"line":42,"column":0},"end":{"line":42,"column":45}},"47":{"start":{"line":48,"column":0},"end":{"line":48,"column":48}},"48":{"start":{"line":49,"column":0},"end":{"line":49,"column":67}},"49":{"start":{"line":50,"column":0},"end":{"line":50,"column":33}},"50":{"start":{"line":51,"column":0},"end":{"line":51,"column":12}},"51":{"start":{"line":52,"column":0},"end":{"line":52,"column":25}},"52":{"start":{"line":53,"column":0},"end":{"line":53,"column":5}},"53":{"start":{"line":54,"column":0},"end":{"line":54,"column":27}},"54":{"start":{"line":55,"column":0},"end":{"line":55,"column":23}},"57":{"start":{"line":58,"column":0},"end":{"line":58,"column":53}},"58":{"start":{"line":59,"column":0},"end":{"line":59,"column":41}},"59":{"start":{"line":60,"column":0},"end":{"line":60,"column":7}},"60":{"start":{"line":61,"column":0},"end":{"line":61,"column":5}},"62":{"start":{"line":63,"column":0},"end":{"line":63,"column":18}},"68":{"start":{"line":69,"column":0},"end":{"line":69,"column":29}},"69":{"start":{"line":70,"column":0},"end":{"line":70,"column":65}},"70":{"start":{"line":71,"column":0},"end":{"line":71,"column":25}},"71":{"start":{"line":72,"column":0},"end":{"line":72,"column":29}},"72":{"start":{"line":73,"column":0},"end":{"line":73,"column":25}},"73":{"start":{"line":74,"column":0},"end":{"line":74,"column":7}},"75":{"start":{"line":76,"column":0},"end":{"line":76,"column":78}},"76":{"start":{"line":77,"column":0},"end":{"line":77,"column":29}},"77":{"start":{"line":78,"column":0},"end":{"line":78,"column":85}},"78":{"start":{"line":79,"column":0},"end":{"line":79,"column":7}},"80":{"start":{"line":81,"column":0},"end":{"line":81,"column":74}},"81":{"start":{"line":82,"column":0},"end":{"line":82,"column":74}},"82":{"start":{"line":83,"column":0},"end":{"line":83,"column":38}},"83":{"start":{"line":84,"column":0},"end":{"line":84,"column":47}},"84":{"start":{"line":85,"column":0},"end":{"line":85,"column":47}},"85":{"start":{"line":86,"column":0},"end":{"line":86,"column":51}},"86":{"start":{"line":87,"column":0},"end":{"line":87,"column":45}},"87":{"start":{"line":88,"column":0},"end":{"line":88,"column":8}},"88":{"start":{"line":89,"column":0},"end":{"line":89,"column":55}},"89":{"start":{"line":90,"column":0},"end":{"line":90,"column":36}},"90":{"start":{"line":91,"column":0},"end":{"line":91,"column":49}},"91":{"start":{"line":92,"column":0},"end":{"line":92,"column":8}},"92":{"start":{"line":93,"column":0},"end":{"line":93,"column":33}},"93":{"start":{"line":94,"column":0},"end":{"line":94,"column":65}},"94":{"start":{"line":95,"column":0},"end":{"line":95,"column":56}},"95":{"start":{"line":96,"column":0},"end":{"line":96,"column":7}},"96":{"start":{"line":97,"column":0},"end":{"line":97,"column":7}},"98":{"start":{"line":99,"column":0},"end":{"line":99,"column":36}},"99":{"start":{"line":100,"column":0},"end":{"line":100,"column":37}},"100":{"start":{"line":101,"column":0},"end":{"line":101,"column":50}},"101":{"start":{"line":102,"column":0},"end":{"line":102,"column":44}},"102":{"start":{"line":103,"column":0},"end":{"line":103,"column":80}},"103":{"start":{"line":104,"column":0},"end":{"line":104,"column":22}},"104":{"start":{"line":105,"column":0},"end":{"line":105,"column":31}},"105":{"start":{"line":106,"column":0},"end":{"line":106,"column":33}},"106":{"start":{"line":107,"column":0},"end":{"line":107,"column":29}},"107":{"start":{"line":108,"column":0},"end":{"line":108,"column":9}},"108":{"start":{"line":109,"column":0},"end":{"line":109,"column":8}},"109":{"start":{"line":110,"column":0},"end":{"line":110,"column":6}},"111":{"start":{"line":112,"column":0},"end":{"line":112,"column":80}},"112":{"start":{"line":113,"column":0},"end":{"line":113,"column":18}},"113":{"start":{"line":114,"column":0},"end":{"line":114,"column":51}},"114":{"start":{"line":115,"column":0},"end":{"line":115,"column":65}},"115":{"start":{"line":116,"column":0},"end":{"line":116,"column":7}},"116":{"start":{"line":117,"column":0},"end":{"line":117,"column":7}},"118":{"start":{"line":119,"column":0},"end":{"line":119,"column":81}},"119":{"start":{"line":120,"column":0},"end":{"line":120,"column":18}},"120":{"start":{"line":121,"column":0},"end":{"line":121,"column":39}},"121":{"start":{"line":122,"column":0},"end":{"line":122,"column":58}},"122":{"start":{"line":123,"column":0},"end":{"line":123,"column":10}},"123":{"start":{"line":124,"column":0},"end":{"line":124,"column":70}},"124":{"start":{"line":125,"column":0},"end":{"line":125,"column":7}},"125":{"start":{"line":126,"column":0},"end":{"line":126,"column":7}},"127":{"start":{"line":128,"column":0},"end":{"line":128,"column":13}},"128":{"start":{"line":129,"column":0},"end":{"line":129,"column":12}},"129":{"start":{"line":130,"column":0},"end":{"line":130,"column":14}},"130":{"start":{"line":131,"column":0},"end":{"line":131,"column":4}},"136":{"start":{"line":137,"column":0},"end":{"line":137,"column":81}},"137":{"start":{"line":138,"column":0},"end":{"line":138,"column":44}},"138":{"start":{"line":139,"column":0},"end":{"line":139,"column":27}},"139":{"start":{"line":140,"column":0},"end":{"line":140,"column":91}},"140":{"start":{"line":141,"column":0},"end":{"line":141,"column":4}},"141":{"start":{"line":142,"column":0},"end":{"line":142,"column":1}},"143":{"start":{"line":144,"column":0},"end":{"line":144,"column":36}},"144":{"start":{"line":145,"column":0},"end":{"line":145,"column":59}},"145":{"start":{"line":146,"column":0},"end":{"line":146,"column":39}},"146":{"start":{"line":147,"column":0},"end":{"line":147,"column":1}}},"s":{"0":1,"11":1,"12":1,"13":1,"14":1,"16":1,"17":18,"18":18,"19":2,"20":2,"21":2,"22":2,"23":2,"24":16,"30":16,"31":16,"33":16,"35":16,"36":16,"37":16,"38":16,"39":16,"41":16,"47":16,"48":0,"49":0,"50":0,"51":0,"52":0,"53":0,"54":0,"57":0,"58":0,"59":0,"60":16,"62":16,"68":16,"69":16,"70":1,"71":1,"72":1,"73":16,"75":16,"76":1,"77":1,"78":16,"80":16,"81":1,"82":1,"83":1,"84":1,"85":1,"86":1,"87":1,"88":1,"89":1,"90":1,"91":1,"92":1,"93":0,"94":0,"95":0,"96":16,"98":16,"99":16,"100":16,"101":0,"102":0,"103":0,"104":0,"105":0,"106":0,"107":0,"108":0,"109":16,"111":16,"112":1,"113":1,"114":1,"115":1,"116":16,"118":16,"119":1,"120":1,"121":1,"122":1,"123":1,"124":1,"125":16,"127":16,"128":16,"129":16,"130":16,"136":16,"137":16,"138":16,"139":16,"140":16,"141":16,"143":1,"144":2,"145":2,"146":2},"branchMap":{"0":{"type":"branch","line":17,"loc":{"start":{"line":17,"column":7},"end":{"line":142,"column":1}},"locations":[{"start":{"line":17,"column":7},"end":{"line":142,"column":1}}]},"1":{"type":"branch","line":19,"loc":{"start":{"line":19,"column":25},"end":{"line":24,"column":3}},"locations":[{"start":{"line":19,"column":25},"end":{"line":24,"column":3}}]},"2":{"type":"branch","line":24,"loc":{"start":{"line":24,"column":2},"end":{"line":142,"column":1}},"locations":[{"start":{"line":24,"column":2},"end":{"line":142,"column":1}}]},"3":{"type":"branch","line":70,"loc":{"start":{"line":70,"column":58},"end":{"line":74,"column":5}},"locations":[{"start":{"line":70,"column":58},"end":{"line":74,"column":5}}]},"4":{"type":"branch","line":76,"loc":{"start":{"line":76,"column":58},"end":{"line":79,"column":5}},"locations":[{"start":{"line":76,"column":58},"end":{"line":79,"column":5}}]},"5":{"type":"branch","line":77,"loc":{"start":{"line":77,"column":18},"end":{"line":77,"column":29}},"locations":[{"start":{"line":77,"column":18},"end":{"line":77,"column":29}}]},"6":{"type":"branch","line":81,"loc":{"start":{"line":81,"column":61},"end":{"line":97,"column":5}},"locations":[{"start":{"line":81,"column":61},"end":{"line":97,"column":5}}]},"7":{"type":"branch","line":93,"loc":{"start":{"line":93,"column":32},"end":{"line":96,"column":7}},"locations":[{"start":{"line":93,"column":32},"end":{"line":96,"column":7}}]},"8":{"type":"branch","line":90,"loc":{"start":{"line":90,"column":20},"end":{"line":90,"column":34}},"locations":[{"start":{"line":90,"column":20},"end":{"line":90,"column":34}}]},"9":{"type":"branch","line":112,"loc":{"start":{"line":112,"column":60},"end":{"line":117,"column":5}},"locations":[{"start":{"line":112,"column":60},"end":{"line":117,"column":5}}]},"10":{"type":"branch","line":119,"loc":{"start":{"line":119,"column":61},"end":{"line":126,"column":5}},"locations":[{"start":{"line":119,"column":61},"end":{"line":126,"column":5}}]},"11":{"type":"branch","line":144,"loc":{"start":{"line":144,"column":7},"end":{"line":147,"column":1}},"locations":[{"start":{"line":144,"column":7},"end":{"line":147,"column":1}}]},"12":{"type":"branch","line":145,"loc":{"start":{"line":145,"column":39},"end":{"line":145,"column":57}},"locations":[{"start":{"line":145,"column":39},"end":{"line":145,"column":57}}]}},"b":{"0":[18],"1":[2],"2":[16],"3":[1],"4":[1],"5":[0],"6":[1],"7":[0],"8":[5],"9":[1],"10":[1],"11":[2],"12":[3]},"fnMap":{"0":{"name":"activate","decl":{"start":{"line":17,"column":7},"end":{"line":142,"column":1}},"loc":{"start":{"line":17,"column":7},"end":{"line":142,"column":1}},"line":17},"1":{"name":"deactivate","decl":{"start":{"line":144,"column":7},"end":{"line":147,"column":1}},"loc":{"start":{"line":144,"column":7},"end":{"line":147,"column":1}},"line":144}},"f":{"0":18,"1":2}}
,"C:\\Users\\tmusk\\IdeaProjects\\babysitter\\packages\\vscode-extension\\src\\status-bar.ts": {"path":"C:\\Users\\tmusk\\IdeaProjects\\babysitter\\packages\\vscode-extension\\src\\status-bar.ts","all":false,"statementMap":{"0":{"start":{"line":1,"column":0},"end":{"line":1,"column":33}},"3":{"start":{"line":4,"column":0},"end":{"line":4,"column":63}},"4":{"start":{"line":5,"column":0},"end":{"line":5,"column":46}},"6":{"start":{"line":7,"column":0},"end":{"line":7,"column":40}},"7":{"start":{"line":8,"column":0},"end":{"line":8,"column":96}},"8":{"start":{"line":9,"column":0},"end":{"line":9,"column":57}},"9":{"start":{"line":10,"column":0},"end":{"line":10,"column":18}},"10":{"start":{"line":11,"column":0},"end":{"line":11,"column":30}},"11":{"start":{"line":12,"column":0},"end":{"line":12,"column":3}},"13":{"start":{"line":14,"column":0},"end":{"line":14,"column":18}},"14":{"start":{"line":15,"column":0},"end":{"line":15,"column":44}},"15":{"start":{"line":16,"column":0},"end":{"line":16,"column":54}},"16":{"start":{"line":17,"column":0},"end":{"line":17,"column":32}},"17":{"start":{"line":18,"column":0},"end":{"line":18,"column":13}},"18":{"start":{"line":19,"column":0},"end":{"line":19,"column":5}},"20":{"start":{"line":21,"column":0},"end":{"line":21,"column":28}},"21":{"start":{"line":22,"column":0},"end":{"line":22,"column":34}},"22":{"start":{"line":23,"column":0},"end":{"line":23,"column":27}},"23":{"start":{"line":24,"column":0},"end":{"line":24,"column":100}},"24":{"start":{"line":25,"column":0},"end":{"line":25,"column":36}},"25":{"start":{"line":26,"column":0},"end":{"line":26,"column":29}},"26":{"start":{"line":27,"column":0},"end":{"line":27,"column":53}},"27":{"start":{"line":28,"column":0},"end":{"line":28,"column":12}},"28":{"start":{"line":29,"column":0},"end":{"line":29,"column":53}},"29":{"start":{"line":30,"column":0},"end":{"line":30,"column":5}},"31":{"start":{"line":32,"column":0},"end":{"line":32,"column":51}},"32":{"start":{"line":33,"column":0},"end":{"line":33,"column":76}},"33":{"start":{"line":34,"column":0},"end":{"line":34,"column":70}},"35":{"start":{"line":36,"column":0},"end":{"line":36,"column":35}},"36":{"start":{"line":37,"column":0},"end":{"line":37,"column":161}},"37":{"start":{"line":38,"column":0},"end":{"line":38,"column":30}},"38":{"start":{"line":39,"column":0},"end":{"line":39,"column":3}},"40":{"start":{"line":41,"column":0},"end":{"line":41,"column":19}},"41":{"start":{"line":42,"column":0},"end":{"line":42,"column":33}},"42":{"start":{"line":43,"column":0},"end":{"line":43,"column":3}},"43":{"start":{"line":44,"column":0},"end":{"line":44,"column":1}}},"s":{"0":1,"3":1,"4":20,"6":20,"7":20,"8":20,"9":20,"10":20,"11":20,"13":20,"14":22,"15":22,"16":13,"17":13,"18":13,"20":9,"21":11,"22":2,"23":2,"24":11,"25":7,"26":7,"27":7,"28":0,"29":0,"31":9,"32":11,"33":11,"35":9,"36":9,"37":9,"38":22,"40":20,"41":12,"42":12,"43":20},"branchMap":{"0":{"type":"branch","line":4,"loc":{"start":{"line":4,"column":62},"end":{"line":44,"column":1}},"locations":[{"start":{"line":4,"column":62},"end":{"line":44,"column":1}}]},"1":{"type":"branch","line":7,"loc":{"start":{"line":7,"column":2},"end":{"line":12,"column":3}},"locations":[{"start":{"line":7,"column":2},"end":{"line":12,"column":3}}]},"2":{"type":"branch","line":14,"loc":{"start":{"line":14,"column":2},"end":{"line":39,"column":3}},"locations":[{"start":{"line":14,"column":2},"end":{"line":39,"column":3}}]},"3":{"type":"branch","line":16,"loc":{"start":{"line":16,"column":27},"end":{"line":16,"column":53}},"locations":[{"start":{"line":16,"column":27},"end":{"line":16,"column":53}}]},"4":{"type":"branch","line":16,"loc":{"start":{"line":16,"column":53},"end":{"line":19,"column":5}},"locations":[{"start":{"line":16,"column":53},"end":{"line":19,"column":5}}]},"5":{"type":"branch","line":19,"loc":{"start":{"line":19,"column":4},"end":{"line":38,"column":30}},"locations":[{"start":{"line":19,"column":4},"end":{"line":38,"column":30}}]},"6":{"type":"branch","line":19,"loc":{"start":{"line":19,"column":4},"end":{"line":22,"column":33}},"locations":[{"start":{"line":19,"column":4},"end":{"line":22,"column":33}}]},"7":{"type":"branch","line":22,"loc":{"start":{"line":22,"column":33},"end":{"line":25,"column":15}},"locations":[{"start":{"line":22,"column":33},"end":{"line":25,"column":15}}]},"8":{"type":"branch","line":25,"loc":{"start":{"line":25,"column":4},"end":{"line":30,"column":5}},"locations":[{"start":{"line":25,"column":4},"end":{"line":30,"column":5}}]},"9":{"type":"branch","line":28,"loc":{"start":{"line":28,"column":4},"end":{"line":30,"column":5}},"locations":[{"start":{"line":28,"column":4},"end":{"line":30,"column":5}}]},"10":{"type":"branch","line":30,"loc":{"start":{"line":30,"column":4},"end":{"line":33,"column":33}},"locations":[{"start":{"line":30,"column":4},"end":{"line":33,"column":33}}]},"11":{"type":"branch","line":33,"loc":{"start":{"line":33,"column":33},"end":{"line":33,"column":76}},"locations":[{"start":{"line":33,"column":33},"end":{"line":33,"column":76}}]},"12":{"type":"branch","line":33,"loc":{"start":{"line":33,"column":75},"end":{"line":34,"column":28}},"locations":[{"start":{"line":33,"column":75},"end":{"line":34,"column":28}}]},"13":{"type":"branch","line":34,"loc":{"start":{"line":34,"column":28},"end":{"line":34,"column":70}},"locations":[{"start":{"line":34,"column":28},"end":{"line":34,"column":70}}]},"14":{"type":"branch","line":34,"loc":{"start":{"line":34,"column":69},"end":{"line":38,"column":30}},"locations":[{"start":{"line":34,"column":69},"end":{"line":38,"column":30}}]},"15":{"type":"branch","line":41,"loc":{"start":{"line":41,"column":2},"end":{"line":43,"column":3}},"locations":[{"start":{"line":41,"column":2},"end":{"line":43,"column":3}}]}},"b":{"0":[20],"1":[20],"2":[22],"3":[13],"4":[13],"5":[11],"6":[9],"7":[2],"8":[7],"9":[0],"10":[9],"11":[2],"12":[9],"13":[3],"14":[9],"15":[12]},"fnMap":{"0":{"name":"<instance_members_initializer>","decl":{"start":{"line":4,"column":62},"end":{"line":44,"column":1}},"loc":{"start":{"line":4,"column":62},"end":{"line":44,"column":1}},"line":4},"1":{"name":"StatusBarController","decl":{"start":{"line":7,"column":2},"end":{"line":12,"column":3}},"loc":{"start":{"line":7,"column":2},"end":{"line":12,"column":3}},"line":7},"2":{"name":"update","decl":{"start":{"line":14,"column":2},"end":{"line":39,"column":3}},"loc":{"start":{"line":14,"column":2},"end":{"line":39,"column":3}},"line":14},"3":{"name":"dispose","decl":{"start":{"line":41,"column":2},"end":{"line":43,"column":3}},"loc":{"start":{"line":41,"column":2},"end":{"line":43,"column":3}},"line":41}},"f":{"0":20,"1":20,"2":22,"3":12}}
,"C:\\Users\\tmusk\\IdeaProjects\\babysitter\\packages\\vscode-extension\\src\\__tests__\\integration\\__helpers__\\test-fixtures.ts": {"path":"C:\\Users\\tmusk\\IdeaProjects\\babysitter\\packages\\vscode-extension\\src\\__tests__\\integration\\__helpers__\\test-fixtures.ts","all":false,"statementMap":{"0":{"start":{"line":1,"column":0},"end":{"line":1,"column":25}},"4":{"start":{"line":5,"column":0},"end":{"line":5,"column":73}},"11":{"start":{"line":12,"column":0},"end":{"line":12,"column":97}},"12":{"start":{"line":13,"column":0},"end":{"line":13,"column":75}},"13":{"start":{"line":14,"column":0},"end":{"line":14,"column":52}},"14":{"start":{"line":15,"column":0},"end":{"line":15,"column":45}},"17":{"start":{"line":18,"column":0},"end":{"line":18,"column":50}},"18":{"start":{"line":19,"column":0},"end":{"line":19,"column":41}},"19":{"start":{"line":20,"column":0},"end":{"line":20,"column":38}},"20":{"start":{"line":21,"column":0},"end":{"line":21,"column":39}},"21":{"start":{"line":22,"column":0},"end":{"line":22,"column":4}},"23":{"start":{"line":24,"column":0},"end":{"line":24,"column":66}},"24":{"start":{"line":25,"column":0},"end":{"line":25,"column":55}},"25":{"start":{"line":26,"column":0},"end":{"line":26,"column":46}},"27":{"start":{"line":28,"column":0},"end":{"line":28,"column":32}},"28":{"start":{"line":29,"column":0},"end":{"line":29,"column":37}},"29":{"start":{"line":30,"column":0},"end":{"line":30,"column":5}},"30":{"start":{"line":31,"column":0},"end":{"line":31,"column":3}},"32":{"start":{"line":33,"column":0},"end":{"line":33,"column":25}},"33":{"start":{"line":34,"column":0},"end":{"line":34,"column":32}},"34":{"start":{"line":35,"column":0},"end":{"line":35,"column":58}},"35":{"start":{"line":36,"column":0},"end":{"line":36,"column":5}},"36":{"start":{"line":37,"column":0},"end":{"line":37,"column":4}},"38":{"start":{"line":39,"column":0},"end":{"line":39,"column":38}},"39":{"start":{"line":40,"column":0},"end":{"line":40,"column":1}},"41":{"start":{"line":42,"column":0},"end":{"line":42,"column":57}},"42":{"start":{"line":43,"column":0},"end":{"line":43,"column":28}},"43":{"start":{"line":44,"column":0},"end":{"line":44,"column":11}},"44":{"start":{"line":45,"column":0},"end":{"line":45,"column":3}},"46":{"start":{"line":47,"column":0},"end":{"line":47,"column":32}},"48":{"start":{"line":49,"column":0},"end":{"line":49,"column":27}},"49":{"start":{"line":50,"column":0},"end":{"line":50,"column":44}},"50":{"start":{"line":51,"column":0},"end":{"line":51,"column":40}},"51":{"start":{"line":52,"column":0},"end":{"line":52,"column":34}},"52":{"start":{"line":53,"column":0},"end":{"line":53,"column":67}},"53":{"start":{"line":54,"column":0},"end":{"line":54,"column":5}},"54":{"start":{"line":55,"column":0},"end":{"line":55,"column":10}},"55":{"start":{"line":56,"column":0},"end":{"line":56,"column":31}},"56":{"start":{"line":57,"column":0},"end":{"line":57,"column":3}},"57":{"start":{"line":58,"column":0},"end":{"line":58,"column":1}}},"s":{"0":1,"4":1,"11":1,"12":28,"13":28,"14":28,"17":28,"18":28,"19":28,"20":28,"21":28,"23":28,"24":84,"25":84,"27":84,"28":84,"29":84,"30":84,"32":28,"33":28,"34":28,"35":28,"36":28,"38":28,"39":28,"41":840,"42":840,"43":0,"44":0,"46":840,"48":840,"49":336,"50":336,"51":336,"52":756,"53":756,"54":840,"55":504,"56":504,"57":840},"branchMap":{"0":{"type":"branch","line":12,"loc":{"start":{"line":12,"column":7},"end":{"line":40,"column":1}},"locations":[{"start":{"line":12,"column":7},"end":{"line":40,"column":1}}]},"1":{"type":"branch","line":24,"loc":{"start":{"line":24,"column":65},"end":{"line":31,"column":3}},"locations":[{"start":{"line":24,"column":65},"end":{"line":31,"column":3}}]},"2":{"type":"branch","line":33,"loc":{"start":{"line":33,"column":18},"end":{"line":37,"column":4}},"locations":[{"start":{"line":33,"column":18},"end":{"line":37,"column":4}}]},"3":{"type":"branch","line":42,"loc":{"start":{"line":42,"column":0},"end":{"line":58,"column":1}},"locations":[{"start":{"line":42,"column":0},"end":{"line":58,"column":1}}]},"4":{"type":"branch","line":43,"loc":{"start":{"line":43,"column":27},"end":{"line":45,"column":3}},"locations":[{"start":{"line":43,"column":27},"end":{"line":45,"column":3}}]},"5":{"type":"branch","line":49,"loc":{"start":{"line":49,"column":26},"end":{"line":55,"column":9}},"locations":[{"start":{"line":49,"column":26},"end":{"line":55,"column":9}}]},"6":{"type":"branch","line":52,"loc":{"start":{"line":52,"column":33},"end":{"line":54,"column":5}},"locations":[{"start":{"line":52,"column":33},"end":{"line":54,"column":5}}]},"7":{"type":"branch","line":55,"loc":{"start":{"line":55,"column":2},"end":{"line":57,"column":3}},"locations":[{"start":{"line":55,"column":2},"end":{"line":57,"column":3}}]}},"b":{"0":[28],"1":[84],"2":[28],"3":[840],"4":[0],"5":[336],"6":[756],"7":[504]},"fnMap":{"0":{"name":"createTestWorkspace","decl":{"start":{"line":12,"column":7},"end":{"line":40,"column":1}},"loc":{"start":{"line":12,"column":7},"end":{"line":40,"column":1}},"line":12},"1":{"name":"cleanup","decl":{"start":{"line":33,"column":18},"end":{"line":37,"column":4}},"loc":{"start":{"line":33,"column":18},"end":{"line":37,"column":4}},"line":33},"2":{"name":"copyRecursive","decl":{"start":{"line":42,"column":0},"end":{"line":58,"column":1}},"loc":{"start":{"line":42,"column":0},"end":{"line":58,"column":1}},"line":42}},"f":{"0":28,"1":28,"2":840}}
,"C:\\Users\\tmusk\\IdeaProjects\\babysitter\\packages\\vscode-extension\\src\\__tests__\\performance\\__helpers__\\fixture-generator.ts": {"path":"C:\\Users\\tmusk\\IdeaProjects\\babysitter\\packages\\vscode-extension\\src\\__tests__\\performance\\__helpers__\\fixture-generator.ts","all":false,"statementMap":{"0":{"start":{"line":1,"column":0},"end":{"line":1,"column":25}},"7":{"start":{"line":8,"column":0},"end":{"line":8,"column":49}},"8":{"start":{"line":9,"column":0},"end":{"line":9,"column":38}},"9":{"start":{"line":10,"column":0},"end":{"line":10,"column":49}},"10":{"start":{"line":11,"column":0},"end":{"line":11,"column":1}},"15":{"start":{"line":16,"column":0},"end":{"line":16,"column":35}},"16":{"start":{"line":17,"column":0},"end":{"line":17,"column":18}},"17":{"start":{"line":18,"column":0},"end":{"line":18,"column":19}},"18":{"start":{"line":19,"column":0},"end":{"line":19,"column":23}},"19":{"start":{"line":20,"column":0},"end":{"line":20,"column":22}},"20":{"start":{"line":21,"column":0},"end":{"line":21,"column":11}},"21":{"start":{"line":22,"column":0},"end":{"line":22,"column":73}},"22":{"start":{"line":23,"column":0},"end":{"line":23,"column":56}},"23":{"start":{"line":24,"column":0},"end":{"line":24,"column":45}},"25":{"start":{"line":26,"column":0},"end":{"line":26,"column":53}},"26":{"start":{"line":27,"column":0},"end":{"line":27,"column":67}},"27":{"start":{"line":28,"column":0},"end":{"line":28,"column":45}},"28":{"start":{"line":29,"column":0},"end":{"line":29,"column":52}},"29":{"start":{"line":30,"column":0},"end":{"line":30,"column":48}},"31":{"start":{"line":32,"column":0},"end":{"line":32,"column":50}},"32":{"start":{"line":33,"column":0},"end":{"line":33,"column":48}},"35":{"start":{"line":36,"column":0},"end":{"line":36,"column":21}},"36":{"start":{"line":37,"column":0},"end":{"line":37,"column":12}},"37":{"start":{"line":38,"column":0},"end":{"line":38,"column":42}},"38":{"start":{"line":39,"column":0},"end":{"line":39,"column":33}},"39":{"start":{"line":40,"column":0},"end":{"line":40,"column":31}},"40":{"start":{"line":41,"column":0},"end":{"line":41,"column":78}},"41":{"start":{"line":42,"column":0},"end":{"line":42,"column":47}},"42":{"start":{"line":43,"column":0},"end":{"line":43,"column":6}},"43":{"start":{"line":44,"column":0},"end":{"line":44,"column":86}},"46":{"start":{"line":47,"column":0},"end":{"line":47,"column":21}},"47":{"start":{"line":48,"column":0},"end":{"line":48,"column":39}},"48":{"start":{"line":49,"column":0},"end":{"line":49,"column":76}},"49":{"start":{"line":50,"column":0},"end":{"line":50,"column":6}},"52":{"start":{"line":53,"column":0},"end":{"line":53,"column":21}},"53":{"start":{"line":54,"column":0},"end":{"line":54,"column":68}},"56":{"start":{"line":57,"column":0},"end":{"line":57,"column":29}},"57":{"start":{"line":58,"column":0},"end":{"line":58,"column":26}},"58":{"start":{"line":59,"column":0},"end":{"line":59,"column":61}},"59":{"start":{"line":60,"column":0},"end":{"line":60,"column":52}},"60":{"start":{"line":61,"column":0},"end":{"line":61,"column":39}},"61":{"start":{"line":62,"column":0},"end":{"line":62,"column":6}},"62":{"start":{"line":63,"column":0},"end":{"line":63,"column":21}},"63":{"start":{"line":64,"column":0},"end":{"line":64,"column":106}},"64":{"start":{"line":65,"column":0},"end":{"line":65,"column":47}},"65":{"start":{"line":66,"column":0},"end":{"line":66,"column":6}},"66":{"start":{"line":67,"column":0},"end":{"line":67,"column":15}},"69":{"start":{"line":70,"column":0},"end":{"line":70,"column":35}},"70":{"start":{"line":71,"column":0},"end":{"line":71,"column":61}},"71":{"start":{"line":72,"column":0},"end":{"line":72,"column":53}},"72":{"start":{"line":73,"column":0},"end":{"line":73,"column":31}},"75":{"start":{"line":76,"column":0},"end":{"line":76,"column":30}},"76":{"start":{"line":77,"column":0},"end":{"line":77,"column":33}},"77":{"start":{"line":78,"column":0},"end":{"line":78,"column":81}},"78":{"start":{"line":79,"column":0},"end":{"line":79,"column":15}},"79":{"start":{"line":80,"column":0},"end":{"line":80,"column":19}},"80":{"start":{"line":81,"column":0},"end":{"line":81,"column":58}},"81":{"start":{"line":82,"column":0},"end":{"line":82,"column":36}},"82":{"start":{"line":83,"column":0},"end":{"line":83,"column":35}},"83":{"start":{"line":84,"column":0},"end":{"line":84,"column":36}},"84":{"start":{"line":85,"column":0},"end":{"line":85,"column":46}},"85":{"start":{"line":86,"column":0},"end":{"line":86,"column":67}},"86":{"start":{"line":87,"column":0},"end":{"line":87,"column":79}},"87":{"start":{"line":88,"column":0},"end":{"line":88,"column":10}},"88":{"start":{"line":89,"column":0},"end":{"line":89,"column":41}},"89":{"start":{"line":90,"column":0},"end":{"line":90,"column":8}},"90":{"start":{"line":91,"column":0},"end":{"line":91,"column":23}},"91":{"start":{"line":92,"column":0},"end":{"line":92,"column":108}},"92":{"start":{"line":93,"column":0},"end":{"line":93,"column":48}},"93":{"start":{"line":94,"column":0},"end":{"line":94,"column":8}},"94":{"start":{"line":95,"column":0},"end":{"line":95,"column":17}},"97":{"start":{"line":98,"column":0},"end":{"line":98,"column":30}},"98":{"start":{"line":99,"column":0},"end":{"line":99,"column":31}},"99":{"start":{"line":100,"column":0},"end":{"line":100,"column":34}},"100":{"start":{"line":101,"column":0},"end":{"line":101,"column":83}},"101":{"start":{"line":102,"column":0},"end":{"line":102,"column":17}},"102":{"start":{"line":103,"column":0},"end":{"line":103,"column":21}},"103":{"start":{"line":104,"column":0},"end":{"line":104,"column":61}},"104":{"start":{"line":105,"column":0},"end":{"line":105,"column":73}},"105":{"start":{"line":106,"column":0},"end":{"line":106,"column":12}},"106":{"start":{"line":107,"column":0},"end":{"line":107,"column":43}},"107":{"start":{"line":108,"column":0},"end":{"line":108,"column":10}},"108":{"start":{"line":109,"column":0},"end":{"line":109,"column":25}},"109":{"start":{"line":110,"column":0},"end":{"line":110,"column":110}},"110":{"start":{"line":111,"column":0},"end":{"line":111,"column":49}},"111":{"start":{"line":112,"column":0},"end":{"line":112,"column":10}},"112":{"start":{"line":113,"column":0},"end":{"line":113,"column":19}},"113":{"start":{"line":114,"column":0},"end":{"line":114,"column":7}},"116":{"start":{"line":117,"column":0},"end":{"line":117,"column":52}},"117":{"start":{"line":118,"column":0},"end":{"line":118,"column":49}},"119":{"start":{"line":120,"column":0},"end":{"line":120,"column":23}},"120":{"start":{"line":121,"column":0},"end":{"line":121,"column":17}},"121":{"start":{"line":122,"column":0},"end":{"line":122,"column":56}},"122":{"start":{"line":123,"column":0},"end":{"line":123,"column":34}},"123":{"start":{"line":124,"column":0},"end":{"line":124,"column":33}},"124":{"start":{"line":125,"column":0},"end":{"line":125,"column":34}},"125":{"start":{"line":126,"column":0},"end":{"line":126,"column":44}},"126":{"start":{"line":127,"column":0},"end":{"line":127,"column":53}},"127":{"start":{"line":128,"column":0},"end":{"line":128,"column":77}},"128":{"start":{"line":129,"column":0},"end":{"line":129,"column":8}},"129":{"start":{"line":130,"column":0},"end":{"line":130,"column":90}},"131":{"start":{"line":132,"column":0},"end":{"line":132,"column":30}},"132":{"start":{"line":133,"column":0},"end":{"line":133,"column":24}},"133":{"start":{"line":134,"column":0},"end":{"line":134,"column":47}},"134":{"start":{"line":135,"column":0},"end":{"line":135,"column":71}},"135":{"start":{"line":136,"column":0},"end":{"line":136,"column":83}},"136":{"start":{"line":137,"column":0},"end":{"line":137,"column":10}},"137":{"start":{"line":138,"column":0},"end":{"line":138,"column":93}},"138":{"start":{"line":139,"column":0},"end":{"line":139,"column":91}},"139":{"start":{"line":140,"column":0},"end":{"line":140,"column":91}},"140":{"start":{"line":141,"column":0},"end":{"line":141,"column":7}},"141":{"start":{"line":142,"column":0},"end":{"line":142,"column":5}},"144":{"start":{"line":145,"column":0},"end":{"line":145,"column":56}},"145":{"start":{"line":146,"column":0},"end":{"line":146,"column":47}},"146":{"start":{"line":147,"column":0},"end":{"line":147,"column":25}},"147":{"start":{"line":148,"column":0},"end":{"line":148,"column":33}},"148":{"start":{"line":149,"column":0},"end":{"line":149,"column":81}},"149":{"start":{"line":150,"column":0},"end":{"line":150,"column":15}},"150":{"start":{"line":151,"column":0},"end":{"line":151,"column":46}},"151":{"start":{"line":152,"column":0},"end":{"line":152,"column":23}},"152":{"start":{"line":153,"column":0},"end":{"line":153,"column":42}},"153":{"start":{"line":154,"column":0},"end":{"line":154,"column":41}},"154":{"start":{"line":155,"column":0},"end":{"line":155,"column":10}},"155":{"start":{"line":156,"column":0},"end":{"line":156,"column":41}},"156":{"start":{"line":157,"column":0},"end":{"line":157,"column":8}},"157":{"start":{"line":158,"column":0},"end":{"line":158,"column":23}},"158":{"start":{"line":159,"column":0},"end":{"line":159,"column":108}},"159":{"start":{"line":160,"column":0},"end":{"line":160,"column":43}},"160":{"start":{"line":161,"column":0},"end":{"line":161,"column":8}},"161":{"start":{"line":162,"column":0},"end":{"line":162,"column":17}},"162":{"start":{"line":163,"column":0},"end":{"line":163,"column":5}},"165":{"start":{"line":166,"column":0},"end":{"line":166,"column":27}},"166":{"start":{"line":167,"column":0},"end":{"line":167,"column":62}},"167":{"start":{"line":168,"column":0},"end":{"line":168,"column":79}},"168":{"start":{"line":169,"column":0},"end":{"line":169,"column":11}},"169":{"start":{"line":170,"column":0},"end":{"line":170,"column":24}},"170":{"start":{"line":171,"column":0},"end":{"line":171,"column":21}},"171":{"start":{"line":172,"column":0},"end":{"line":172,"column":13}},"172":{"start":{"line":173,"column":0},"end":{"line":173,"column":20}},"173":{"start":{"line":174,"column":0},"end":{"line":174,"column":38}},"174":{"start":{"line":175,"column":0},"end":{"line":175,"column":38}},"175":{"start":{"line":176,"column":0},"end":{"line":176,"column":14}},"176":{"start":{"line":177,"column":0},"end":{"line":177,"column":39}},"177":{"start":{"line":178,"column":0},"end":{"line":178,"column":6}},"178":{"start":{"line":179,"column":0},"end":{"line":179,"column":21}},"179":{"start":{"line":180,"column":0},"end":{"line":180,"column":106}},"180":{"start":{"line":181,"column":0},"end":{"line":181,"column":45}},"181":{"start":{"line":182,"column":0},"end":{"line":182,"column":6}},"182":{"start":{"line":183,"column":0},"end":{"line":183,"column":3}},"184":{"start":{"line":185,"column":0},"end":{"line":185,"column":20}},"185":{"start":{"line":186,"column":0},"end":{"line":186,"column":1}},"190":{"start":{"line":191,"column":0},"end":{"line":191,"column":55}},"191":{"start":{"line":192,"column":0},"end":{"line":192,"column":31}},"192":{"start":{"line":193,"column":0},"end":{"line":193,"column":57}},"193":{"start":{"line":194,"column":0},"end":{"line":194,"column":3}},"194":{"start":{"line":195,"column":0},"end":{"line":195,"column":1}}},"s":{"0":1,"7":3445,"8":3445,"9":3445,"10":3445,"15":1,"16":11,"17":11,"18":11,"19":11,"20":11,"21":11,"22":11,"23":11,"25":11,"26":95,"27":95,"28":95,"29":95,"31":95,"32":95,"35":95,"36":95,"37":95,"38":95,"39":95,"40":95,"41":95,"42":95,"43":95,"46":95,"47":95,"48":95,"49":95,"52":95,"53":95,"56":95,"57":95,"58":95,"59":95,"60":95,"61":95,"62":95,"63":95,"64":95,"65":95,"66":95,"69":95,"70":95,"71":1031,"72":1031,"75":1031,"76":1031,"77":1031,"78":1031,"79":1031,"80":1031,"81":1031,"82":1031,"83":1031,"84":1031,"85":1031,"86":1031,"87":1031,"88":1031,"89":1031,"90":1031,"91":1031,"92":1031,"93":1031,"94":1031,"97":1031,"98":824,"99":824,"100":824,"101":824,"102":824,"103":824,"104":824,"105":824,"106":824,"107":824,"108":824,"109":824,"110":824,"111":824,"112":824,"113":824,"116":1031,"117":1031,"119":1031,"120":1031,"121":1031,"122":1031,"123":1031,"124":1031,"125":1031,"126":1031,"127":1031,"128":1031,"129":1031,"131":1031,"132":824,"133":824,"134":824,"135":824,"136":824,"137":824,"138":824,"139":824,"140":824,"141":1031,"144":95,"145":95,"146":1400,"147":1400,"148":1400,"149":1400,"150":1400,"151":1400,"152":1400,"153":1400,"154":1400,"155":1400,"156":1400,"157":1400,"158":1400,"159":1400,"160":1400,"161":1400,"162":1400,"165":95,"166":95,"167":95,"168":95,"169":95,"170":52,"171":43,"172":43,"173":43,"174":43,"175":43,"176":95,"177":95,"178":95,"179":95,"180":95,"181":95,"182":95,"184":11,"185":11,"190":1,"191":11,"192":11,"193":11,"194":11},"branchMap":{"0":{"type":"branch","line":8,"loc":{"start":{"line":8,"column":0},"end":{"line":11,"column":1}},"locations":[{"start":{"line":8,"column":0},"end":{"line":11,"column":1}}]},"1":{"type":"branch","line":16,"loc":{"start":{"line":16,"column":7},"end":{"line":186,"column":1}},"locations":[{"start":{"line":16,"column":7},"end":{"line":186,"column":1}}]},"2":{"type":"branch","line":26,"loc":{"start":{"line":26,"column":52},"end":{"line":183,"column":3}},"locations":[{"start":{"line":26,"column":52},"end":{"line":183,"column":3}}]},"3":{"type":"branch","line":71,"loc":{"start":{"line":71,"column":60},"end":{"line":142,"column":5}},"locations":[{"start":{"line":71,"column":60},"end":{"line":142,"column":5}}]},"4":{"type":"branch","line":81,"loc":{"start":{"line":81,"column":32},"end":{"line":81,"column":51}},"locations":[{"start":{"line":81,"column":32},"end":{"line":81,"column":51}}]},"5":{"type":"branch","line":81,"loc":{"start":{"line":81,"column":36},"end":{"line":81,"column":58}},"locations":[{"start":{"line":81,"column":36},"end":{"line":81,"column":58}}]},"6":{"type":"branch","line":87,"loc":{"start":{"line":87,"column":36},"end":{"line":87,"column":69}},"locations":[{"start":{"line":87,"column":36},"end":{"line":87,"column":69}}]},"7":{"type":"branch","line":87,"loc":{"start":{"line":87,"column":63},"end":{"line":87,"column":79}},"locations":[{"start":{"line":87,"column":63},"end":{"line":87,"column":79}}]},"8":{"type":"branch","line":98,"loc":{"start":{"line":98,"column":29},"end":{"line":114,"column":7}},"locations":[{"start":{"line":98,"column":29},"end":{"line":114,"column":7}}]},"9":{"type":"branch","line":105,"loc":{"start":{"line":105,"column":35},"end":{"line":105,"column":68}},"locations":[{"start":{"line":105,"column":35},"end":{"line":105,"column":68}}]},"10":{"type":"branch","line":105,"loc":{"start":{"line":105,"column":63},"end":{"line":105,"column":73}},"locations":[{"start":{"line":105,"column":63},"end":{"line":105,"column":73}}]},"11":{"type":"branch","line":122,"loc":{"start":{"line":122,"column":30},"end":{"line":122,"column":49}},"locations":[{"start":{"line":122,"column":30},"end":{"line":122,"column":49}}]},"12":{"type":"branch","line":122,"loc":{"start":{"line":122,"column":34},"end":{"line":122,"column":56}},"locations":[{"start":{"line":122,"column":34},"end":{"line":122,"column":56}}]},"13":{"type":"branch","line":128,"loc":{"start":{"line":128,"column":34},"end":{"line":128,"column":67}},"locations":[{"start":{"line":128,"column":34},"end":{"line":128,"column":67}}]},"14":{"type":"branch","line":128,"loc":{"start":{"line":128,"column":61},"end":{"line":128,"column":77}},"locations":[{"start":{"line":128,"column":61},"end":{"line":128,"column":77}}]},"15":{"type":"branch","line":132,"loc":{"start":{"line":132,"column":29},"end":{"line":141,"column":7}},"locations":[{"start":{"line":132,"column":29},"end":{"line":141,"column":7}}]},"16":{"type":"branch","line":135,"loc":{"start":{"line":135,"column":33},"end":{"line":135,"column":66}},"locations":[{"start":{"line":135,"column":33},"end":{"line":135,"column":66}}]},"17":{"type":"branch","line":135,"loc":{"start":{"line":135,"column":61},"end":{"line":135,"column":71}},"locations":[{"start":{"line":135,"column":61},"end":{"line":135,"column":71}}]},"18":{"type":"branch","line":146,"loc":{"start":{"line":146,"column":46},"end":{"line":163,"column":5}},"locations":[{"start":{"line":146,"column":46},"end":{"line":163,"column":5}}]},"19":{"type":"branch","line":167,"loc":{"start":{"line":167,"column":27},"end":{"line":167,"column":49}},"locations":[{"start":{"line":167,"column":27},"end":{"line":167,"column":49}}]},"20":{"type":"branch","line":167,"loc":{"start":{"line":167,"column":31},"end":{"line":167,"column":62}},"locations":[{"start":{"line":167,"column":31},"end":{"line":167,"column":62}}]},"21":{"type":"branch","line":170,"loc":{"start":{"line":170,"column":23},"end":{"line":171,"column":21}},"locations":[{"start":{"line":170,"column":23},"end":{"line":171,"column":21}}]},"22":{"type":"branch","line":171,"loc":{"start":{"line":171,"column":20},"end":{"line":176,"column":14}},"locations":[{"start":{"line":171,"column":20},"end":{"line":176,"column":14}}]},"23":{"type":"branch","line":191,"loc":{"start":{"line":191,"column":7},"end":{"line":195,"column":1}},"locations":[{"start":{"line":191,"column":7},"end":{"line":195,"column":1}}]}},"b":{"0":[3445],"1":[11],"2":[95],"3":[1031],"4":[404],"5":[627],"6":[404],"7":[627],"8":[824],"9":[104],"10":[720],"11":[404],"12":[627],"13":[404],"14":[627],"15":[824],"16":[104],"17":[720],"18":[1400],"19":[52],"20":[43],"21":[52],"22":[43],"23":[11]},"fnMap":{"0":{"name":"generateTestUlid","decl":{"start":{"line":8,"column":0},"end":{"line":11,"column":1}},"loc":{"start":{"line":8,"column":0},"end":{"line":11,"column":1}},"line":8},"1":{"name":"createLargeFixture","decl":{"start":{"line":16,"column":7},"end":{"line":186,"column":1}},"loc":{"start":{"line":16,"column":7},"end":{"line":186,"column":1}},"line":16},"2":{"name":"cleanupFixture","decl":{"start":{"line":191,"column":7},"end":{"line":195,"column":1}},"loc":{"start":{"line":191,"column":7},"end":{"line":195,"column":1}},"line":191}},"f":{"0":3445,"1":11,"2":11}}
,"C:\\Users\\tmusk\\IdeaProjects\\babysitter\\packages\\vscode-extension\\src\\lib\\parser.ts": {"path":"C:\\Users\\tmusk\\IdeaProjects\\babysitter\\packages\\vscode-extension\\src\\lib\\parser.ts","all":false,"statementMap":{"0":{"start":{"line":1,"column":0},"end":{"line":1,"column":25}},"4":{"start":{"line":5,"column":0},"end":{"line":5,"column":52}},"13":{"start":{"line":14,"column":0},"end":{"line":14,"column":85}},"14":{"start":{"line":15,"column":0},"end":{"line":15,"column":64}},"15":{"start":{"line":16,"column":0},"end":{"line":16,"column":15}},"16":{"start":{"line":17,"column":0},"end":{"line":17,"column":16}},"17":{"start":{"line":18,"column":0},"end":{"line":18,"column":3}},"18":{"start":{"line":19,"column":0},"end":{"line":19,"column":10}},"19":{"start":{"line":20,"column":0},"end":{"line":20,"column":32}},"20":{"start":{"line":21,"column":0},"end":{"line":21,"column":17}},"21":{"start":{"line":22,"column":0},"end":{"line":22,"column":4}},"22":{"start":{"line":23,"column":0},"end":{"line":23,"column":1}},"32":{"start":{"line":33,"column":0},"end":{"line":33,"column":90}},"33":{"start":{"line":34,"column":0},"end":{"line":34,"column":36}},"34":{"start":{"line":35,"column":0},"end":{"line":35,"column":14}},"35":{"start":{"line":36,"column":0},"end":{"line":36,"column":3}},"37":{"start":{"line":38,"column":0},"end":{"line":38,"column":22}},"38":{"start":{"line":39,"column":0},"end":{"line":39,"column":7}},"39":{"start":{"line":40,"column":0},"end":{"line":40,"column":82}},"40":{"start":{"line":41,"column":0},"end":{"line":41,"column":11}},"41":{"start":{"line":42,"column":0},"end":{"line":42,"column":14}},"42":{"start":{"line":43,"column":0},"end":{"line":43,"column":3}},"44":{"start":{"line":45,"column":0},"end":{"line":45,"column":49}},"45":{"start":{"line":46,"column":0},"end":{"line":46,"column":35}},"46":{"start":{"line":47,"column":0},"end":{"line":47,"column":3}},"48":{"start":{"line":49,"column":0},"end":{"line":49,"column":36}},"49":{"start":{"line":50,"column":0},"end":{"line":50,"column":29}},"50":{"start":{"line":51,"column":0},"end":{"line":51,"column":46}},"51":{"start":{"line":52,"column":0},"end":{"line":52,"column":18}},"52":{"start":{"line":53,"column":0},"end":{"line":53,"column":15}},"53":{"start":{"line":54,"column":0},"end":{"line":54,"column":5}},"55":{"start":{"line":56,"column":0},"end":{"line":56,"column":9}},"56":{"start":{"line":57,"column":0},"end":{"line":57,"column":73}},"57":{"start":{"line":58,"column":0},"end":{"line":58,"column":62}},"58":{"start":{"line":59,"column":0},"end":{"line":59,"column":19}},"59":{"start":{"line":60,"column":0},"end":{"line":60,"column":24}},"60":{"start":{"line":61,"column":0},"end":{"line":61,"column":22}},"61":{"start":{"line":62,"column":0},"end":{"line":62,"column":81}},"62":{"start":{"line":63,"column":0},"end":{"line":63,"column":61}},"63":{"start":{"line":64,"column":0},"end":{"line":64,"column":84}},"64":{"start":{"line":65,"column":0},"end":{"line":65,"column":57}},"65":{"start":{"line":66,"column":0},"end":{"line":66,"column":9}},"66":{"start":{"line":67,"column":0},"end":{"line":67,"column":19}},"67":{"start":{"line":68,"column":0},"end":{"line":68,"column":68}},"68":{"start":{"line":69,"column":0},"end":{"line":69,"column":5}},"69":{"start":{"line":70,"column":0},"end":{"line":70,"column":3}},"71":{"start":{"line":72,"column":0},"end":{"line":72,"column":16}},"72":{"start":{"line":73,"column":0},"end":{"line":73,"column":1}},"77":{"start":{"line":78,"column":0},"end":{"line":78,"column":43}},"78":{"start":{"line":79,"column":0},"end":{"line":79,"column":22}},"79":{"start":{"line":80,"column":0},"end":{"line":80,"column":28}},"80":{"start":{"line":81,"column":0},"end":{"line":81,"column":55}},"81":{"start":{"line":82,"column":0},"end":{"line":82,"column":36}},"82":{"start":{"line":83,"column":0},"end":{"line":83,"column":45}},"83":{"start":{"line":84,"column":0},"end":{"line":84,"column":3}},"85":{"start":{"line":86,"column":0},"end":{"line":86,"column":22}},"86":{"start":{"line":87,"column":0},"end":{"line":87,"column":7}},"87":{"start":{"line":88,"column":0},"end":{"line":88,"column":82}},"88":{"start":{"line":89,"column":0},"end":{"line":89,"column":11}},"89":{"start":{"line":90,"column":0},"end":{"line":90,"column":45}},"90":{"start":{"line":91,"column":0},"end":{"line":91,"column":3}},"92":{"start":{"line":93,"column":0},"end":{"line":93,"column":38}},"93":{"start":{"line":94,"column":0},"end":{"line":94,"column":44}},"94":{"start":{"line":95,"column":0},"end":{"line":95,"column":42}},"95":{"start":{"line":96,"column":0},"end":{"line":96,"column":3}},"97":{"start":{"line":98,"column":0},"end":{"line":98,"column":68}},"98":{"start":{"line":99,"column":0},"end":{"line":99,"column":47}},"99":{"start":{"line":100,"column":0},"end":{"line":100,"column":1}},"114":{"start":{"line":115,"column":0},"end":{"line":115,"column":61}},"115":{"start":{"line":116,"column":0},"end":{"line":116,"column":56}},"118":{"start":{"line":119,"column":0},"end":{"line":119,"column":36}},"119":{"start":{"line":120,"column":0},"end":{"line":120,"column":7}},"120":{"start":{"line":121,"column":0},"end":{"line":121,"column":54}},"121":{"start":{"line":122,"column":0},"end":{"line":122,"column":54}},"122":{"start":{"line":123,"column":0},"end":{"line":123,"column":11}},"123":{"start":{"line":124,"column":0},"end":{"line":124,"column":16}},"124":{"start":{"line":125,"column":0},"end":{"line":125,"column":3}},"126":{"start":{"line":127,"column":0},"end":{"line":127,"column":67}},"127":{"start":{"line":128,"column":0},"end":{"line":128,"column":59}},"130":{"start":{"line":131,"column":0},"end":{"line":131,"column":55}},"131":{"start":{"line":132,"column":0},"end":{"line":132,"column":46}},"134":{"start":{"line":135,"column":0},"end":{"line":135,"column":48}},"136":{"start":{"line":137,"column":0},"end":{"line":137,"column":31}},"137":{"start":{"line":138,"column":0},"end":{"line":138,"column":44}},"138":{"start":{"line":139,"column":0},"end":{"line":139,"column":30}},"139":{"start":{"line":140,"column":0},"end":{"line":140,"column":51}},"140":{"start":{"line":141,"column":0},"end":{"line":141,"column":22}},"141":{"start":{"line":142,"column":0},"end":{"line":142,"column":17}},"142":{"start":{"line":143,"column":0},"end":{"line":143,"column":7}},"143":{"start":{"line":144,"column":0},"end":{"line":144,"column":59}},"144":{"start":{"line":145,"column":0},"end":{"line":145,"column":29}},"145":{"start":{"line":146,"column":0},"end":{"line":146,"column":17}},"146":{"start":{"line":147,"column":0},"end":{"line":147,"column":13}},"147":{"start":{"line":148,"column":0},"end":{"line":148,"column":61}},"148":{"start":{"line":149,"column":0},"end":{"line":149,"column":48}},"149":{"start":{"line":150,"column":0},"end":{"line":150,"column":28}},"150":{"start":{"line":151,"column":0},"end":{"line":151,"column":64}},"151":{"start":{"line":152,"column":0},"end":{"line":152,"column":50}},"152":{"start":{"line":153,"column":0},"end":{"line":153,"column":50}},"153":{"start":{"line":154,"column":0},"end":{"line":154,"column":30}},"154":{"start":{"line":155,"column":0},"end":{"line":155,"column":106}},"155":{"start":{"line":156,"column":0},"end":{"line":156,"column":49}},"156":{"start":{"line":157,"column":0},"end":{"line":157,"column":9}},"157":{"start":{"line":158,"column":0},"end":{"line":158,"column":50}},"158":{"start":{"line":159,"column":0},"end":{"line":159,"column":30}},"159":{"start":{"line":160,"column":0},"end":{"line":160,"column":51}},"160":{"start":{"line":161,"column":0},"end":{"line":161,"column":45}},"161":{"start":{"line":162,"column":0},"end":{"line":162,"column":21}},"162":{"start":{"line":163,"column":0},"end":{"line":163,"column":73}},"163":{"start":{"line":164,"column":0},"end":{"line":164,"column":58}},"164":{"start":{"line":165,"column":0},"end":{"line":165,"column":39}},"165":{"start":{"line":166,"column":0},"end":{"line":166,"column":67}},"166":{"start":{"line":167,"column":0},"end":{"line":167,"column":35}},"167":{"start":{"line":168,"column":0},"end":{"line":168,"column":102}},"168":{"start":{"line":169,"column":0},"end":{"line":169,"column":9}},"169":{"start":{"line":170,"column":0},"end":{"line":170,"column":7}},"170":{"start":{"line":171,"column":0},"end":{"line":171,"column":5}},"171":{"start":{"line":172,"column":0},"end":{"line":172,"column":3}},"174":{"start":{"line":175,"column":0},"end":{"line":175,"column":50}},"175":{"start":{"line":176,"column":0},"end":{"line":176,"column":32}},"176":{"start":{"line":177,"column":0},"end":{"line":177,"column":9}},"177":{"start":{"line":178,"column":0},"end":{"line":178,"column":48}},"178":{"start":{"line":179,"column":0},"end":{"line":179,"column":40}},"179":{"start":{"line":180,"column":0},"end":{"line":180,"column":72}},"180":{"start":{"line":181,"column":0},"end":{"line":181,"column":43}},"181":{"start":{"line":182,"column":0},"end":{"line":182,"column":19}},"182":{"start":{"line":183,"column":0},"end":{"line":183,"column":9}},"184":{"start":{"line":185,"column":0},"end":{"line":185,"column":13}},"185":{"start":{"line":186,"column":0},"end":{"line":186,"column":104}},"186":{"start":{"line":187,"column":0},"end":{"line":187,"column":49}},"188":{"start":{"line":189,"column":0},"end":{"line":189,"column":25}},"190":{"start":{"line":191,"column":0},"end":{"line":191,"column":54}},"191":{"start":{"line":192,"column":0},"end":{"line":192,"column":56}},"192":{"start":{"line":193,"column":0},"end":{"line":193,"column":13}},"193":{"start":{"line":194,"column":0},"end":{"line":194,"column":54}},"194":{"start":{"line":195,"column":0},"end":{"line":195,"column":71}},"195":{"start":{"line":196,"column":0},"end":{"line":196,"column":13}},"196":{"start":{"line":197,"column":0},"end":{"line":197,"column":104}},"197":{"start":{"line":198,"column":0},"end":{"line":198,"column":72}},"198":{"start":{"line":199,"column":0},"end":{"line":199,"column":13}},"199":{"start":{"line":200,"column":0},"end":{"line":200,"column":18}},"201":{"start":{"line":202,"column":0},"end":{"line":202,"column":71}},"202":{"start":{"line":203,"column":0},"end":{"line":203,"column":38}},"203":{"start":{"line":204,"column":0},"end":{"line":204,"column":23}},"204":{"start":{"line":205,"column":0},"end":{"line":205,"column":19}},"205":{"start":{"line":206,"column":0},"end":{"line":206,"column":79}},"206":{"start":{"line":207,"column":0},"end":{"line":207,"column":60}},"207":{"start":{"line":208,"column":0},"end":{"line":208,"column":34}},"208":{"start":{"line":209,"column":0},"end":{"line":209,"column":62}},"209":{"start":{"line":210,"column":0},"end":{"line":210,"column":61}},"210":{"start":{"line":211,"column":0},"end":{"line":211,"column":124}},"211":{"start":{"line":212,"column":0},"end":{"line":212,"column":14}},"214":{"start":{"line":215,"column":0},"end":{"line":215,"column":76}},"215":{"start":{"line":216,"column":0},"end":{"line":216,"column":44}},"216":{"start":{"line":217,"column":0},"end":{"line":217,"column":19}},"217":{"start":{"line":218,"column":0},"end":{"line":218,"column":107}},"218":{"start":{"line":219,"column":0},"end":{"line":219,"column":69}},"219":{"start":{"line":220,"column":0},"end":{"line":220,"column":83}},"220":{"start":{"line":221,"column":0},"end":{"line":221,"column":23}},"222":{"start":{"line":223,"column":0},"end":{"line":223,"column":15}},"223":{"start":{"line":224,"column":0},"end":{"line":224,"column":13}},"225":{"start":{"line":226,"column":0},"end":{"line":226,"column":40}},"226":{"start":{"line":227,"column":0},"end":{"line":227,"column":11}},"227":{"start":{"line":228,"column":0},"end":{"line":228,"column":17}},"229":{"start":{"line":230,"column":0},"end":{"line":230,"column":9}},"230":{"start":{"line":231,"column":0},"end":{"line":231,"column":7}},"231":{"start":{"line":232,"column":0},"end":{"line":232,"column":13}},"233":{"start":{"line":234,"column":0},"end":{"line":234,"column":5}},"234":{"start":{"line":235,"column":0},"end":{"line":235,"column":3}},"236":{"start":{"line":237,"column":0},"end":{"line":237,"column":45}},"239":{"start":{"line":240,"column":0},"end":{"line":240,"column":45}},"242":{"start":{"line":243,"column":0},"end":{"line":243,"column":95}},"243":{"start":{"line":244,"column":0},"end":{"line":244,"column":81}},"246":{"start":{"line":247,"column":0},"end":{"line":247,"column":77}},"247":{"start":{"line":248,"column":0},"end":{"line":248,"column":71}},"250":{"start":{"line":251,"column":0},"end":{"line":251,"column":64}},"251":{"start":{"line":252,"column":0},"end":{"line":252,"column":90}},"252":{"start":{"line":253,"column":0},"end":{"line":253,"column":94}},"255":{"start":{"line":256,"column":0},"end":{"line":256,"column":102}},"256":{"start":{"line":257,"column":0},"end":{"line":257,"column":47}},"259":{"start":{"line":260,"column":0},"end":{"line":260,"column":25}},"260":{"start":{"line":261,"column":0},"end":{"line":261,"column":50}},"261":{"start":{"line":262,"column":0},"end":{"line":262,"column":107}},"264":{"start":{"line":265,"column":0},"end":{"line":265,"column":62}},"265":{"start":{"line":266,"column":0},"end":{"line":266,"column":46}},"266":{"start":{"line":267,"column":0},"end":{"line":267,"column":16}},"269":{"start":{"line":270,"column":0},"end":{"line":270,"column":64}},"270":{"start":{"line":271,"column":0},"end":{"line":271,"column":67}},"271":{"start":{"line":272,"column":0},"end":{"line":272,"column":16}},"274":{"start":{"line":275,"column":0},"end":{"line":275,"column":72}},"275":{"start":{"line":276,"column":0},"end":{"line":276,"column":16}},"276":{"start":{"line":277,"column":0},"end":{"line":277,"column":9}},"277":{"start":{"line":278,"column":0},"end":{"line":278,"column":62}},"278":{"start":{"line":279,"column":0},"end":{"line":279,"column":38}},"279":{"start":{"line":280,"column":0},"end":{"line":280,"column":99}},"280":{"start":{"line":281,"column":0},"end":{"line":281,"column":89}},"281":{"start":{"line":282,"column":0},"end":{"line":282,"column":7}},"282":{"start":{"line":283,"column":0},"end":{"line":283,"column":13}},"284":{"start":{"line":285,"column":0},"end":{"line":285,"column":5}},"285":{"start":{"line":286,"column":0},"end":{"line":286,"column":3}},"287":{"start":{"line":288,"column":0},"end":{"line":288,"column":10}},"288":{"start":{"line":289,"column":0},"end":{"line":289,"column":10}},"289":{"start":{"line":290,"column":0},"end":{"line":290,"column":14}},"290":{"start":{"line":291,"column":0},"end":{"line":291,"column":11}},"291":{"start":{"line":292,"column":0},"end":{"line":292,"column":14}},"292":{"start":{"line":293,"column":0},"end":{"line":293,"column":14}},"293":{"start":{"line":294,"column":0},"end":{"line":294,"column":10}},"294":{"start":{"line":295,"column":0},"end":{"line":295,"column":11}},"295":{"start":{"line":296,"column":0},"end":{"line":296,"column":29}},"296":{"start":{"line":297,"column":0},"end":{"line":297,"column":19}},"297":{"start":{"line":298,"column":0},"end":{"line":298,"column":16}},"298":{"start":{"line":299,"column":0},"end":{"line":299,"column":13}},"299":{"start":{"line":300,"column":0},"end":{"line":300,"column":44}},"300":{"start":{"line":301,"column":0},"end":{"line":301,"column":48}},"301":{"start":{"line":302,"column":0},"end":{"line":302,"column":59}},"302":{"start":{"line":303,"column":0},"end":{"line":303,"column":49}},"303":{"start":{"line":304,"column":0},"end":{"line":304,"column":16}},"304":{"start":{"line":305,"column":0},"end":{"line":305,"column":12}},"305":{"start":{"line":306,"column":0},"end":{"line":306,"column":11}},"306":{"start":{"line":307,"column":0},"end":{"line":307,"column":4}},"307":{"start":{"line":308,"column":0},"end":{"line":308,"column":1}},"316":{"start":{"line":317,"column":0},"end":{"line":317,"column":88}},"317":{"start":{"line":318,"column":0},"end":{"line":318,"column":59}},"318":{"start":{"line":319,"column":0},"end":{"line":319,"column":32}},"319":{"start":{"line":320,"column":0},"end":{"line":320,"column":16}},"320":{"start":{"line":321,"column":0},"end":{"line":321,"column":3}},"323":{"start":{"line":324,"column":0},"end":{"line":324,"column":51}},"324":{"start":{"line":325,"column":0},"end":{"line":325,"column":55}},"325":{"start":{"line":326,"column":0},"end":{"line":326,"column":36}},"326":{"start":{"line":327,"column":0},"end":{"line":327,"column":9}},"327":{"start":{"line":328,"column":0},"end":{"line":328,"column":94}},"328":{"start":{"line":329,"column":0},"end":{"line":329,"column":13}},"330":{"start":{"line":331,"column":0},"end":{"line":331,"column":5}},"331":{"start":{"line":332,"column":0},"end":{"line":332,"column":3}},"333":{"start":{"line":334,"column":0},"end":{"line":334,"column":63}},"336":{"start":{"line":337,"column":0},"end":{"line":337,"column":30}},"337":{"start":{"line":338,"column":0},"end":{"line":338,"column":13}},"338":{"start":{"line":339,"column":0},"end":{"line":339,"column":9}},"339":{"start":{"line":340,"column":0},"end":{"line":340,"column":73}},"340":{"start":{"line":341,"column":0},"end":{"line":341,"column":52}},"341":{"start":{"line":342,"column":0},"end":{"line":342,"column":24}},"342":{"start":{"line":343,"column":0},"end":{"line":343,"column":54}},"343":{"start":{"line":344,"column":0},"end":{"line":344,"column":68}},"344":{"start":{"line":345,"column":0},"end":{"line":345,"column":54}},"345":{"start":{"line":346,"column":0},"end":{"line":346,"column":53}},"346":{"start":{"line":347,"column":0},"end":{"line":347,"column":45}},"347":{"start":{"line":348,"column":0},"end":{"line":348,"column":65}},"348":{"start":{"line":349,"column":0},"end":{"line":349,"column":18}},"349":{"start":{"line":350,"column":0},"end":{"line":350,"column":69}},"350":{"start":{"line":351,"column":0},"end":{"line":351,"column":12}},"351":{"start":{"line":352,"column":0},"end":{"line":352,"column":4}},"354":{"start":{"line":355,"column":0},"end":{"line":355,"column":55}},"355":{"start":{"line":356,"column":0},"end":{"line":356,"column":34}},"356":{"start":{"line":357,"column":0},"end":{"line":357,"column":9}},"357":{"start":{"line":358,"column":0},"end":{"line":358,"column":97}},"358":{"start":{"line":359,"column":0},"end":{"line":359,"column":81}},"359":{"start":{"line":360,"column":0},"end":{"line":360,"column":54}},"360":{"start":{"line":361,"column":0},"end":{"line":361,"column":68}},"361":{"start":{"line":362,"column":0},"end":{"line":362,"column":29}},"362":{"start":{"line":363,"column":0},"end":{"line":363,"column":33}},"363":{"start":{"line":364,"column":0},"end":{"line":364,"column":57}},"364":{"start":{"line":365,"column":0},"end":{"line":365,"column":7}},"365":{"start":{"line":366,"column":0},"end":{"line":366,"column":13}},"367":{"start":{"line":368,"column":0},"end":{"line":368,"column":5}},"368":{"start":{"line":369,"column":0},"end":{"line":369,"column":3}},"371":{"start":{"line":372,"column":0},"end":{"line":372,"column":54}},"372":{"start":{"line":373,"column":0},"end":{"line":373,"column":34}},"373":{"start":{"line":374,"column":0},"end":{"line":374,"column":9}},"374":{"start":{"line":375,"column":0},"end":{"line":375,"column":59}},"375":{"start":{"line":376,"column":0},"end":{"line":376,"column":13}},"377":{"start":{"line":378,"column":0},"end":{"line":378,"column":5}},"378":{"start":{"line":379,"column":0},"end":{"line":379,"column":3}},"381":{"start":{"line":382,"column":0},"end":{"line":382,"column":54}},"382":{"start":{"line":383,"column":0},"end":{"line":383,"column":34}},"383":{"start":{"line":384,"column":0},"end":{"line":384,"column":9}},"384":{"start":{"line":385,"column":0},"end":{"line":385,"column":59}},"385":{"start":{"line":386,"column":0},"end":{"line":386,"column":13}},"387":{"start":{"line":388,"column":0},"end":{"line":388,"column":5}},"388":{"start":{"line":389,"column":0},"end":{"line":389,"column":3}},"390":{"start":{"line":391,"column":0},"end":{"line":391,"column":16}},"391":{"start":{"line":392,"column":0},"end":{"line":392,"column":1}},"397":{"start":{"line":398,"column":0},"end":{"line":398,"column":79}},"399":{"start":{"line":400,"column":0},"end":{"line":400,"column":48}},"400":{"start":{"line":401,"column":0},"end":{"line":401,"column":24}},"401":{"start":{"line":402,"column":0},"end":{"line":402,"column":37}},"402":{"start":{"line":403,"column":0},"end":{"line":403,"column":25}},"403":{"start":{"line":404,"column":0},"end":{"line":404,"column":5}},"404":{"start":{"line":405,"column":0},"end":{"line":405,"column":34}},"405":{"start":{"line":406,"column":0},"end":{"line":406,"column":22}},"406":{"start":{"line":407,"column":0},"end":{"line":407,"column":5}},"407":{"start":{"line":408,"column":0},"end":{"line":408,"column":3}},"410":{"start":{"line":411,"column":0},"end":{"line":411,"column":68}},"411":{"start":{"line":412,"column":0},"end":{"line":412,"column":22}},"412":{"start":{"line":413,"column":0},"end":{"line":413,"column":21}},"413":{"start":{"line":414,"column":0},"end":{"line":414,"column":3}},"415":{"start":{"line":416,"column":0},"end":{"line":416,"column":19}},"416":{"start":{"line":417,"column":0},"end":{"line":417,"column":1}}},"s":{"0":1,"4":1,"13":18388,"14":18388,"15":18388,"16":1,"17":1,"18":18387,"19":18387,"20":18387,"21":18387,"22":18387,"32":1,"33":858,"34":94,"35":94,"37":764,"38":764,"39":764,"40":854,"41":0,"42":0,"44":858,"45":3,"46":3,"48":764,"49":850,"50":18388,"51":18388,"52":1,"53":1,"55":18387,"56":18387,"57":18387,"58":18387,"59":18387,"60":18387,"61":18388,"62":18388,"63":18388,"64":18388,"65":18388,"66":18388,"67":8,"68":8,"69":18388,"71":764,"72":764,"77":1,"78":6,"79":6,"80":6,"81":6,"82":1,"83":1,"85":5,"86":5,"87":5,"88":6,"89":0,"90":0,"92":5,"93":6,"94":1,"95":1,"97":4,"98":4,"99":4,"114":1,"115":833,"118":833,"119":833,"120":833,"121":833,"122":833,"123":7,"124":7,"126":833,"127":833,"130":833,"131":833,"134":833,"136":833,"137":17751,"138":11988,"139":11988,"140":11988,"141":0,"142":0,"143":11988,"144":11988,"145":11988,"146":11988,"147":11988,"148":11988,"149":11988,"150":11988,"151":11988,"152":11988,"153":11988,"154":11988,"155":11988,"156":11988,"157":17751,"158":4415,"159":4415,"160":4415,"161":4415,"162":4415,"163":4415,"164":4415,"165":4415,"166":4415,"167":4415,"168":4415,"169":4415,"170":4415,"171":17751,"174":826,"175":831,"176":633,"177":633,"178":633,"179":5552,"180":5552,"181":0,"182":0,"184":5552,"185":5552,"186":5552,"188":5552,"190":5550,"191":0,"192":0,"193":5550,"194":0,"195":0,"196":5550,"197":0,"198":0,"199":5550,"201":0,"202":0,"203":0,"204":0,"205":0,"206":0,"207":0,"208":0,"209":0,"210":0,"211":0,"214":0,"215":0,"216":0,"217":0,"218":0,"219":0,"220":0,"222":0,"223":0,"225":0,"226":0,"227":5552,"229":2,"230":5552,"231":633,"233":0,"234":633,"236":826,"239":826,"242":833,"243":833,"246":833,"247":833,"250":833,"251":833,"252":833,"255":833,"256":833,"259":833,"260":833,"261":833,"264":833,"265":39,"266":787,"269":833,"270":627,"271":199,"274":833,"275":833,"276":196,"277":196,"278":196,"279":1,"280":1,"281":1,"282":196,"284":1,"285":196,"287":826,"288":826,"289":826,"290":826,"291":826,"292":826,"293":826,"294":826,"295":826,"296":826,"297":826,"298":826,"299":828,"300":833,"301":833,"302":833,"303":833,"304":833,"305":833,"306":833,"307":833,"316":1,"317":39,"318":39,"319":3,"320":3,"323":36,"324":36,"325":37,"326":31,"327":31,"328":31,"330":0,"331":31,"333":39,"336":39,"337":39,"338":39,"339":39,"340":39,"341":39,"342":39,"343":39,"344":39,"345":39,"346":39,"347":1,"348":35,"349":39,"350":39,"351":39,"354":39,"355":39,"356":12,"357":12,"358":12,"359":12,"360":12,"361":12,"362":12,"363":10,"364":10,"365":12,"367":2,"368":12,"371":36,"372":39,"373":7,"374":7,"375":7,"377":1,"378":7,"381":36,"382":39,"383":4,"384":4,"385":4,"387":0,"388":4,"390":36,"391":36,"397":826,"399":826,"400":954,"401":954,"402":349,"403":349,"404":678,"405":278,"406":278,"407":954,"410":199,"411":254,"412":39,"413":39,"415":160,"416":160},"branchMap":{"0":{"type":"branch","line":14,"loc":{"start":{"line":14,"column":0},"end":{"line":23,"column":1}},"locations":[{"start":{"line":14,"column":0},"end":{"line":23,"column":1}}]},"1":{"type":"branch","line":16,"loc":{"start":{"line":16,"column":14},"end":{"line":18,"column":3}},"locations":[{"start":{"line":16,"column":14},"end":{"line":18,"column":3}}]},"2":{"type":"branch","line":18,"loc":{"start":{"line":18,"column":2},"end":{"line":23,"column":1}},"locations":[{"start":{"line":18,"column":2},"end":{"line":23,"column":1}}]},"3":{"type":"branch","line":33,"loc":{"start":{"line":33,"column":7},"end":{"line":73,"column":1}},"locations":[{"start":{"line":33,"column":7},"end":{"line":73,"column":1}}]},"4":{"type":"branch","line":34,"loc":{"start":{"line":34,"column":35},"end":{"line":36,"column":3}},"locations":[{"start":{"line":34,"column":35},"end":{"line":36,"column":3}}]},"5":{"type":"branch","line":36,"loc":{"start":{"line":36,"column":2},"end":{"line":45,"column":48}},"locations":[{"start":{"line":36,"column":2},"end":{"line":45,"column":48}}]},"6":{"type":"branch","line":36,"loc":{"start":{"line":36,"column":2},"end":{"line":41,"column":10}},"locations":[{"start":{"line":36,"column":2},"end":{"line":41,"column":10}}]},"7":{"type":"branch","line":41,"loc":{"start":{"line":41,"column":2},"end":{"line":43,"column":3}},"locations":[{"start":{"line":41,"column":2},"end":{"line":43,"column":3}}]},"8":{"type":"branch","line":43,"loc":{"start":{"line":43,"column":2},"end":{"line":45,"column":33}},"locations":[{"start":{"line":43,"column":2},"end":{"line":45,"column":33}}]},"9":{"type":"branch","line":45,"loc":{"start":{"line":45,"column":20},"end":{"line":45,"column":48}},"locations":[{"start":{"line":45,"column":20},"end":{"line":45,"column":48}}]},"10":{"type":"branch","line":45,"loc":{"start":{"line":45,"column":48},"end":{"line":73,"column":1}},"locations":[{"start":{"line":45,"column":48},"end":{"line":73,"column":1}}]},"11":{"type":"branch","line":45,"loc":{"start":{"line":45,"column":48},"end":{"line":47,"column":3}},"locations":[{"start":{"line":45,"column":48},"end":{"line":47,"column":3}}]},"12":{"type":"branch","line":47,"loc":{"start":{"line":47,"column":2},"end":{"line":70,"column":3}},"locations":[{"start":{"line":47,"column":2},"end":{"line":70,"column":3}}]},"13":{"type":"branch","line":47,"loc":{"start":{"line":47,"column":2},"end":{"line":50,"column":28}},"locations":[{"start":{"line":47,"column":2},"end":{"line":50,"column":28}}]},"14":{"type":"branch","line":50,"loc":{"start":{"line":50,"column":28},"end":{"line":70,"column":3}},"locations":[{"start":{"line":50,"column":28},"end":{"line":70,"column":3}}]},"15":{"type":"branch","line":52,"loc":{"start":{"line":52,"column":17},"end":{"line":54,"column":5}},"locations":[{"start":{"line":52,"column":17},"end":{"line":54,"column":5}}]},"16":{"type":"branch","line":54,"loc":{"start":{"line":54,"column":4},"end":{"line":62,"column":41}},"locations":[{"start":{"line":54,"column":4},"end":{"line":62,"column":41}}]},"17":{"type":"branch","line":62,"loc":{"start":{"line":62,"column":36},"end":{"line":62,"column":55}},"locations":[{"start":{"line":62,"column":36},"end":{"line":62,"column":55}}]},"18":{"type":"branch","line":62,"loc":{"start":{"line":62,"column":50},"end":{"line":62,"column":79}},"locations":[{"start":{"line":62,"column":50},"end":{"line":62,"column":79}}]},"19":{"type":"branch","line":63,"loc":{"start":{"line":63,"column":32},"end":{"line":63,"column":46}},"locations":[{"start":{"line":63,"column":32},"end":{"line":63,"column":46}}]},"20":{"type":"branch","line":64,"loc":{"start":{"line":64,"column":29},"end":{"line":64,"column":53}},"locations":[{"start":{"line":64,"column":29},"end":{"line":64,"column":53}}]},"21":{"type":"branch","line":64,"loc":{"start":{"line":64,"column":48},"end":{"line":64,"column":84}},"locations":[{"start":{"line":64,"column":48},"end":{"line":64,"column":84}}]},"22":{"type":"branch","line":67,"loc":{"start":{"line":67,"column":4},"end":{"line":69,"column":5}},"locations":[{"start":{"line":67,"column":4},"end":{"line":69,"column":5}}]},"23":{"type":"branch","line":70,"loc":{"start":{"line":70,"column":2},"end":{"line":73,"column":1}},"locations":[{"start":{"line":70,"column":2},"end":{"line":73,"column":1}}]},"24":{"type":"branch","line":40,"loc":{"start":{"line":40,"column":47},"end":{"line":40,"column":73}},"locations":[{"start":{"line":40,"column":47},"end":{"line":40,"column":73}}]},"25":{"type":"branch","line":78,"loc":{"start":{"line":78,"column":7},"end":{"line":100,"column":1}},"locations":[{"start":{"line":78,"column":7},"end":{"line":100,"column":1}}]},"26":{"type":"branch","line":82,"loc":{"start":{"line":82,"column":35},"end":{"line":84,"column":3}},"locations":[{"start":{"line":82,"column":35},"end":{"line":84,"column":3}}]},"27":{"type":"branch","line":84,"loc":{"start":{"line":84,"column":2},"end":{"line":89,"column":10}},"locations":[{"start":{"line":84,"column":2},"end":{"line":89,"column":10}}]},"28":{"type":"branch","line":89,"loc":{"start":{"line":89,"column":2},"end":{"line":91,"column":3}},"locations":[{"start":{"line":89,"column":2},"end":{"line":91,"column":3}}]},"29":{"type":"branch","line":91,"loc":{"start":{"line":91,"column":2},"end":{"line":94,"column":43}},"locations":[{"start":{"line":91,"column":2},"end":{"line":94,"column":43}}]},"30":{"type":"branch","line":94,"loc":{"start":{"line":94,"column":43},"end":{"line":96,"column":3}},"locations":[{"start":{"line":94,"column":43},"end":{"line":96,"column":3}}]},"31":{"type":"branch","line":96,"loc":{"start":{"line":96,"column":2},"end":{"line":100,"column":1}},"locations":[{"start":{"line":96,"column":2},"end":{"line":100,"column":1}}]},"32":{"type":"branch","line":88,"loc":{"start":{"line":88,"column":47},"end":{"line":88,"column":73}},"locations":[{"start":{"line":88,"column":47},"end":{"line":88,"column":73}}]},"33":{"type":"branch","line":115,"loc":{"start":{"line":115,"column":7},"end":{"line":308,"column":1}},"locations":[{"start":{"line":115,"column":7},"end":{"line":308,"column":1}}]},"34":{"type":"branch","line":123,"loc":{"start":{"line":123,"column":2},"end":{"line":125,"column":3}},"locations":[{"start":{"line":123,"column":2},"end":{"line":125,"column":3}}]},"35":{"type":"branch","line":125,"loc":{"start":{"line":125,"column":2},"end":{"line":127,"column":40}},"locations":[{"start":{"line":125,"column":2},"end":{"line":127,"column":40}}]},"36":{"type":"branch","line":127,"loc":{"start":{"line":127,"column":35},"end":{"line":127,"column":65}},"locations":[{"start":{"line":127,"column":35},"end":{"line":127,"column":65}}]},"37":{"type":"branch","line":128,"loc":{"start":{"line":128,"column":43},"end":{"line":128,"column":57}},"locations":[{"start":{"line":128,"column":43},"end":{"line":128,"column":57}}]},"38":{"type":"branch","line":137,"loc":{"start":{"line":137,"column":30},"end":{"line":172,"column":3}},"locations":[{"start":{"line":137,"column":30},"end":{"line":172,"column":3}}]},"39":{"type":"branch","line":138,"loc":{"start":{"line":138,"column":43},"end":{"line":158,"column":15}},"locations":[{"start":{"line":138,"column":43},"end":{"line":158,"column":15}}]},"40":{"type":"branch","line":140,"loc":{"start":{"line":140,"column":42},"end":{"line":140,"column":49}},"locations":[{"start":{"line":140,"column":42},"end":{"line":140,"column":49}}]},"41":{"type":"branch","line":141,"loc":{"start":{"line":141,"column":21},"end":{"line":143,"column":7}},"locations":[{"start":{"line":141,"column":21},"end":{"line":143,"column":7}}]},"42":{"type":"branch","line":144,"loc":{"start":{"line":144,"column":34},"end":{"line":144,"column":45}},"locations":[{"start":{"line":144,"column":34},"end":{"line":144,"column":45}}]},"43":{"type":"branch","line":148,"loc":{"start":{"line":148,"column":31},"end":{"line":148,"column":51}},"locations":[{"start":{"line":148,"column":31},"end":{"line":148,"column":51}}]},"44":{"type":"branch","line":148,"loc":{"start":{"line":148,"column":46},"end":{"line":148,"column":59}},"locations":[{"start":{"line":148,"column":46},"end":{"line":148,"column":59}}]},"45":{"type":"branch","line":155,"loc":{"start":{"line":155,"column":37},"end":{"line":155,"column":96}},"locations":[{"start":{"line":155,"column":37},"end":{"line":155,"column":96}}]},"46":{"type":"branch","line":155,"loc":{"start":{"line":155,"column":71},"end":{"line":155,"column":90}},"locations":[{"start":{"line":155,"column":71},"end":{"line":155,"column":90}}]},"47":{"type":"branch","line":155,"loc":{"start":{"line":155,"column":85},"end":{"line":155,"column":92}},"locations":[{"start":{"line":155,"column":85},"end":{"line":155,"column":92}}]},"48":{"type":"branch","line":155,"loc":{"start":{"line":155,"column":92},"end":{"line":155,"column":106}},"locations":[{"start":{"line":155,"column":92},"end":{"line":155,"column":106}}]},"49":{"type":"branch","line":158,"loc":{"start":{"line":158,"column":4},"end":{"line":171,"column":5}},"locations":[{"start":{"line":158,"column":4},"end":{"line":171,"column":5}}]},"50":{"type":"branch","line":158,"loc":{"start":{"line":158,"column":49},"end":{"line":171,"column":5}},"locations":[{"start":{"line":158,"column":49},"end":{"line":171,"column":5}}]},"51":{"type":"branch","line":160,"loc":{"start":{"line":160,"column":42},"end":{"line":160,"column":49}},"locations":[{"start":{"line":160,"column":42},"end":{"line":160,"column":49}}]},"52":{"type":"branch","line":163,"loc":{"start":{"line":163,"column":40},"end":{"line":163,"column":73}},"locations":[{"start":{"line":163,"column":40},"end":{"line":163,"column":73}}]},"53":{"type":"branch","line":164,"loc":{"start":{"line":164,"column":26},"end":{"line":164,"column":47}},"locations":[{"start":{"line":164,"column":26},"end":{"line":164,"column":47}}]},"54":{"type":"branch","line":164,"loc":{"start":{"line":164,"column":37},"end":{"line":164,"column":58}},"locations":[{"start":{"line":164,"column":37},"end":{"line":164,"column":58}}]},"55":{"type":"branch","line":166,"loc":{"start":{"line":166,"column":25},"end":{"line":166,"column":57}},"locations":[{"start":{"line":166,"column":25},"end":{"line":166,"column":57}}]},"56":{"type":"branch","line":166,"loc":{"start":{"line":166,"column":53},"end":{"line":166,"column":67}},"locations":[{"start":{"line":166,"column":53},"end":{"line":166,"column":67}}]},"57":{"type":"branch","line":172,"loc":{"start":{"line":172,"column":2},"end":{"line":243,"column":53}},"locations":[{"start":{"line":172,"column":2},"end":{"line":243,"column":53}}]},"58":{"type":"branch","line":172,"loc":{"start":{"line":172,"column":2},"end":{"line":176,"column":31}},"locations":[{"start":{"line":172,"column":2},"end":{"line":176,"column":31}}]},"59":{"type":"branch","line":176,"loc":{"start":{"line":176,"column":31},"end":{"line":235,"column":3}},"locations":[{"start":{"line":176,"column":31},"end":{"line":235,"column":3}}]},"60":{"type":"branch","line":179,"loc":{"start":{"line":179,"column":39},"end":{"line":231,"column":7}},"locations":[{"start":{"line":179,"column":39},"end":{"line":231,"column":7}}]},"61":{"type":"branch","line":181,"loc":{"start":{"line":181,"column":42},"end":{"line":183,"column":9}},"locations":[{"start":{"line":181,"column":42},"end":{"line":183,"column":9}}]},"62":{"type":"branch","line":189,"loc":{"start":{"line":189,"column":24},"end":{"line":227,"column":11}},"locations":[{"start":{"line":189,"column":24},"end":{"line":227,"column":11}}]},"63":{"type":"branch","line":191,"loc":{"start":{"line":191,"column":53},"end":{"line":193,"column":13}},"locations":[{"start":{"line":191,"column":53},"end":{"line":193,"column":13}}]},"64":{"type":"branch","line":194,"loc":{"start":{"line":194,"column":31},"end":{"line":194,"column":53}},"locations":[{"start":{"line":194,"column":31},"end":{"line":194,"column":53}}]},"65":{"type":"branch","line":194,"loc":{"start":{"line":194,"column":53},"end":{"line":196,"column":13}},"locations":[{"start":{"line":194,"column":53},"end":{"line":196,"column":13}}]},"66":{"type":"branch","line":197,"loc":{"start":{"line":197,"column":34},"end":{"line":197,"column":73}},"locations":[{"start":{"line":197,"column":34},"end":{"line":197,"column":73}}]},"67":{"type":"branch","line":197,"loc":{"start":{"line":197,"column":68},"end":{"line":197,"column":103}},"locations":[{"start":{"line":197,"column":68},"end":{"line":197,"column":103}}]},"68":{"type":"branch","line":197,"loc":{"start":{"line":197,"column":103},"end":{"line":199,"column":13}},"locations":[{"start":{"line":197,"column":103},"end":{"line":199,"column":13}}]},"69":{"type":"branch","line":200,"loc":{"start":{"line":200,"column":10},"end":{"line":227,"column":11}},"locations":[{"start":{"line":200,"column":10},"end":{"line":227,"column":11}}]},"70":{"type":"branch","line":228,"loc":{"start":{"line":228,"column":8},"end":{"line":230,"column":9}},"locations":[{"start":{"line":228,"column":8},"end":{"line":230,"column":9}}]},"71":{"type":"branch","line":232,"loc":{"start":{"line":232,"column":4},"end":{"line":234,"column":5}},"locations":[{"start":{"line":232,"column":4},"end":{"line":234,"column":5}}]},"72":{"type":"branch","line":235,"loc":{"start":{"line":235,"column":2},"end":{"line":243,"column":53}},"locations":[{"start":{"line":235,"column":2},"end":{"line":243,"column":53}}]},"73":{"type":"branch","line":243,"loc":{"start":{"line":243,"column":37},"end":{"line":243,"column":70}},"locations":[{"start":{"line":243,"column":37},"end":{"line":243,"column":70}}]},"74":{"type":"branch","line":243,"loc":{"start":{"line":243,"column":61},"end":{"line":243,"column":70}},"locations":[{"start":{"line":243,"column":61},"end":{"line":243,"column":70}}]},"75":{"type":"branch","line":243,"loc":{"start":{"line":243,"column":64},"end":{"line":243,"column":95}},"locations":[{"start":{"line":243,"column":64},"end":{"line":243,"column":95}}]},"76":{"type":"branch","line":244,"loc":{"start":{"line":244,"column":36},"end":{"line":244,"column":71}},"locations":[{"start":{"line":244,"column":36},"end":{"line":244,"column":71}}]},"77":{"type":"branch","line":244,"loc":{"start":{"line":244,"column":66},"end":{"line":244,"column":81}},"locations":[{"start":{"line":244,"column":66},"end":{"line":244,"column":81}}]},"78":{"type":"branch","line":252,"loc":{"start":{"line":252,"column":23},"end":{"line":252,"column":80}},"locations":[{"start":{"line":252,"column":23},"end":{"line":252,"column":80}}]},"79":{"type":"branch","line":252,"loc":{"start":{"line":252,"column":69},"end":{"line":252,"column":76}},"locations":[{"start":{"line":252,"column":69},"end":{"line":252,"column":76}}]},"80":{"type":"branch","line":252,"loc":{"start":{"line":252,"column":76},"end":{"line":252,"column":90}},"locations":[{"start":{"line":252,"column":76},"end":{"line":252,"column":90}}]},"81":{"type":"branch","line":253,"loc":{"start":{"line":253,"column":25},"end":{"line":253,"column":84}},"locations":[{"start":{"line":253,"column":25},"end":{"line":253,"column":84}}]},"82":{"type":"branch","line":253,"loc":{"start":{"line":253,"column":73},"end":{"line":253,"column":80}},"locations":[{"start":{"line":253,"column":73},"end":{"line":253,"column":80}}]},"83":{"type":"branch","line":253,"loc":
[...]
,"locations":[{"start":{"line":143,"column":91},"end":{"line":144,"column":81}}]},"30":{"type":"branch","line":145,"loc":{"start":{"line":145,"column":6},"end":{"line":146,"column":89}},"locations":[{"start":{"line":145,"column":6},"end":{"line":146,"column":89}}]},"31":{"type":"branch","line":147,"loc":{"start":{"line":147,"column":6},"end":{"line":148,"column":89}},"locations":[{"start":{"line":147,"column":6},"end":{"line":148,"column":89}}]},"32":{"type":"branch","line":149,"loc":{"start":{"line":149,"column":6},"end":{"line":150,"column":54}},"locations":[{"start":{"line":149,"column":6},"end":{"line":150,"column":54}}]},"33":{"type":"branch","line":154,"loc":{"start":{"line":154,"column":17},"end":{"line":185,"column":3}},"locations":[{"start":{"line":154,"column":17},"end":{"line":185,"column":3}}]},"34":{"type":"branch","line":160,"loc":{"start":{"line":160,"column":54},"end":{"line":160,"column":77}},"locations":[{"start":{"line":160,"column":54},"end":{"line":160,"column":77}}]},"35":{"type":"branch","line":160,"loc":{"start":{"line":160,"column":64},"end":{"line":160,"column":79}},"locations":[{"start":{"line":160,"column":64},"end":{"line":160,"column":79}}]},"36":{"type":"branch","line":162,"loc":{"start":{"line":162,"column":29},"end":{"line":164,"column":5}},"locations":[{"start":{"line":162,"column":29},"end":{"line":164,"column":5}}]},"37":{"type":"branch","line":168,"loc":{"start":{"line":168,"column":36},"end":{"line":170,"column":5}},"locations":[{"start":{"line":168,"column":36},"end":{"line":170,"column":5}}]},"38":{"type":"branch","line":172,"loc":{"start":{"line":172,"column":20},"end":{"line":174,"column":5}},"locations":[{"start":{"line":172,"column":20},"end":{"line":174,"column":5}}]},"39":{"type":"branch","line":176,"loc":{"start":{"line":176,"column":32},"end":{"line":178,"column":5}},"locations":[{"start":{"line":176,"column":32},"end":{"line":178,"column":5}}]},"40":{"type":"branch","line":180,"loc":{"start":{"line":180,"column":26},"end":{"line":182,"column":5}},"locations":[{"start":{"line":180,"column":26},"end":{"line":182,"column":5}}]},"41":{"type":"branch","line":192,"loc":{"start":{"line":192,"column":50},"end":{"line":285,"column":1}},"locations":[{"start":{"line":192,"column":50},"end":{"line":285,"column":1}}]},"42":{"type":"branch","line":197,"loc":{"start":{"line":197,"column":2},"end":{"line":223,"column":3}},"locations":[{"start":{"line":197,"column":2},"end":{"line":223,"column":3}}]},"43":{"type":"branch","line":198,"loc":{"start":{"line":198,"column":23},"end":{"line":198,"column":47}},"locations":[{"start":{"line":198,"column":23},"end":{"line":198,"column":47}}]},"44":{"type":"branch","line":198,"loc":{"start":{"line":198,"column":37},"end":{"line":198,"column":61}},"locations":[{"start":{"line":198,"column":37},"end":{"line":198,"column":61}}]},"45":{"type":"branch","line":206,"loc":{"start":{"line":206,"column":37},"end":{"line":208,"column":5}},"locations":[{"start":{"line":206,"column":37},"end":{"line":208,"column":5}}]},"46":{"type":"branch","line":218,"loc":{"start":{"line":218,"column":46},"end":{"line":218,"column":90}},"locations":[{"start":{"line":218,"column":46},"end":{"line":218,"column":90}}]},"47":{"type":"branch","line":219,"loc":{"start":{"line":219,"column":24},"end":{"line":219,"column":66}},"locations":[{"start":{"line":219,"column":24},"end":{"line":219,"column":66}}]},"48":{"type":"branch","line":219,"loc":{"start":{"line":219,"column":46},"end":{"line":219,"column":73}},"locations":[{"start":{"line":219,"column":46},"end":{"line":219,"column":73}}]},"49":{"type":"branch","line":225,"loc":{"start":{"line":225,"column":17},"end":{"line":241,"column":3}},"locations":[{"start":{"line":225,"column":17},"end":{"line":241,"column":3}}]},"50":{"type":"branch","line":227,"loc":{"start":{"line":227,"column":6},"end":{"line":228,"column":90}},"locations":[{"start":{"line":227,"column":6},"end":{"line":228,"column":90}}]},"51":{"type":"branch","line":229,"loc":{"start":{"line":229,"column":6},"end":{"line":230,"column":90}},"locations":[{"start":{"line":229,"column":6},"end":{"line":230,"column":90}}]},"52":{"type":"branch","line":231,"loc":{"start":{"line":231,"column":6},"end":{"line":237,"column":7}},"locations":[{"start":{"line":231,"column":6},"end":{"line":237,"column":7}}]},"53":{"type":"branch","line":233,"loc":{"start":{"line":233,"column":40},"end":{"line":235,"column":9}},"locations":[{"start":{"line":233,"column":40},"end":{"line":235,"column":9}}]},"54":{"type":"branch","line":235,"loc":{"start":{"line":235,"column":8},"end":{"line":237,"column":7}},"locations":[{"start":{"line":235,"column":8},"end":{"line":237,"column":7}}]},"55":{"type":"branch","line":238,"loc":{"start":{"line":238,"column":6},"end":{"line":239,"column":54}},"locations":[{"start":{"line":238,"column":6},"end":{"line":239,"column":54}}]},"56":{"type":"branch","line":243,"loc":{"start":{"line":243,"column":17},"end":{"line":284,"column":3}},"locations":[{"start":{"line":243,"column":17},"end":{"line":284,"column":3}}]},"57":{"type":"branch","line":251,"loc":{"start":{"line":251,"column":21},"end":{"line":253,"column":5}},"locations":[{"start":{"line":251,"column":21},"end":{"line":253,"column":5}}]},"58":{"type":"branch","line":255,"loc":{"start":{"line":255,"column":20},"end":{"line":257,"column":5}},"locations":[{"start":{"line":255,"column":20},"end":{"line":257,"column":5}}]},"59":{"type":"branch","line":263,"loc":{"start":{"line":263,"column":25},"end":{"line":265,"column":5}},"locations":[{"start":{"line":263,"column":25},"end":{"line":265,"column":5}}]},"60":{"type":"branch","line":267,"loc":{"start":{"line":267,"column":37},"end":{"line":269,"column":5}},"locations":[{"start":{"line":267,"column":37},"end":{"line":269,"column":5}}]},"61":{"type":"branch","line":271,"loc":{"start":{"line":271,"column":33},"end":{"line":273,"column":5}},"locations":[{"start":{"line":271,"column":33},"end":{"line":273,"column":5}}]},"62":{"type":"branch","line":275,"loc":{"start":{"line":275,"column":20},"end":{"line":277,"column":5}},"locations":[{"start":{"line":275,"column":20},"end":{"line":277,"column":5}}]},"63":{"type":"branch","line":279,"loc":{"start":{"line":279,"column":20},"end":{"line":281,"column":5}},"locations":[{"start":{"line":279,"column":20},"end":{"line":281,"column":5}}]},"64":{"type":"branch","line":291,"loc":{"start":{"line":291,"column":82},"end":{"line":426,"column":1}},"locations":[{"start":{"line":291,"column":82},"end":{"line":426,"column":1}}]},"65":{"type":"branch","line":297,"loc":{"start":{"line":297,"column":2},"end":{"line":297,"column":41}},"locations":[{"start":{"line":297,"column":2},"end":{"line":297,"column":41}}]},"66":{"type":"branch","line":299,"loc":{"start":{"line":299,"column":2},"end":{"line":301,"column":3}},"locations":[{"start":{"line":299,"column":2},"end":{"line":301,"column":3}}]},"67":{"type":"branch","line":303,"loc":{"start":{"line":303,"column":2},"end":{"line":306,"column":3}},"locations":[{"start":{"line":303,"column":2},"end":{"line":306,"column":3}}]},"68":{"type":"branch","line":308,"loc":{"start":{"line":308,"column":2},"end":{"line":310,"column":3}},"locations":[{"start":{"line":308,"column":2},"end":{"line":310,"column":3}}]},"69":{"type":"branch","line":312,"loc":{"start":{"line":312,"column":2},"end":{"line":326,"column":3}},"locations":[{"start":{"line":312,"column":2},"end":{"line":326,"column":3}}]},"70":{"type":"branch","line":313,"loc":{"start":{"line":313,"column":18},"end":{"line":315,"column":5}},"locations":[{"start":{"line":313,"column":18},"end":{"line":315,"column":5}}]},"71":{"type":"branch","line":315,"loc":{"start":{"line":315,"column":4},"end":{"line":317,"column":44}},"locations":[{"start":{"line":315,"column":4},"end":{"line":317,"column":44}}]},"72":{"type":"branch","line":317,"loc":{"start":{"line":317,"column":44},"end":{"line":321,"column":40}},"locations":[{"start":{"line":317,"column":44},"end":{"line":321,"column":40}}]},"73":{"type":"branch","line":317,"loc":{"start":{"line":317,"column":44},"end":{"line":319,"column":5}},"locations":[{"start":{"line":317,"column":44},"end":{"line":319,"column":5}}]},"74":{"type":"branch","line":319,"loc":{"start":{"line":319,"column":4},"end":{"line":321,"column":40}},"locations":[{"start":{"line":319,"column":4},"end":{"line":321,"column":40}}]},"75":{"type":"branch","line":321,"loc":{"start":{"line":321,"column":40},"end":{"line":325,"column":14}},"locations":[{"start":{"line":321,"column":40},"end":{"line":325,"column":14}}]},"76":{"type":"branch","line":321,"loc":{"start":{"line":321,"column":40},"end":{"line":323,"column":5}},"locations":[{"start":{"line":321,"column":40},"end":{"line":323,"column":5}}]},"77":{"type":"branch","line":323,"loc":{"start":{"line":323,"column":4},"end":{"line":325,"column":14}},"locations":[{"start":{"line":323,"column":4},"end":{"line":325,"column":14}}]},"78":{"type":"branch","line":332,"loc":{"start":{"line":332,"column":10},"end":{"line":368,"column":3}},"locations":[{"start":{"line":332,"column":10},"end":{"line":368,"column":3}}]},"79":{"type":"branch","line":357,"loc":{"start":{"line":357,"column":31},"end":{"line":359,"column":5}},"locations":[{"start":{"line":357,"column":31},"end":{"line":359,"column":5}}]},"80":{"type":"branch","line":360,"loc":{"start":{"line":360,"column":34},"end":{"line":362,"column":5}},"locations":[{"start":{"line":360,"column":34},"end":{"line":362,"column":5}}]},"81":{"type":"branch","line":363,"loc":{"start":{"line":363,"column":31},"end":{"line":365,"column":5}},"locations":[{"start":{"line":363,"column":31},"end":{"line":365,"column":5}}]},"82":{"type":"branch","line":342,"loc":{"start":{"line":342,"column":38},"end":{"line":342,"column":93}},"locations":[{"start":{"line":342,"column":38},"end":{"line":342,"column":93}}]},"83":{"type":"branch","line":342,"loc":{"start":{"line":342,"column":58},"end":{"line":342,"column":93}},"locations":[{"start":{"line":342,"column":58},"end":{"line":342,"column":93}}]},"84":{"type":"branch","line":343,"loc":{"start":{"line":343,"column":41},"end":{"line":343,"column":72}},"locations":[{"start":{"line":343,"column":41},"end":{"line":343,"column":72}}]},"85":{"type":"branch","line":344,"loc":{"start":{"line":344,"column":38},"end":{"line":344,"column":66}},"locations":[{"start":{"line":344,"column":38},"end":{"line":344,"column":66}}]},"86":{"type":"branch","line":347,"loc":{"start":{"line":347,"column":20},"end":{"line":352,"column":5}},"locations":[{"start":{"line":347,"column":20},"end":{"line":352,"column":5}}]},"87":{"type":"branch","line":349,"loc":{"start":{"line":349,"column":89},"end":{"line":350,"column":76}},"locations":[{"start":{"line":349,"column":89},"end":{"line":350,"column":76}}]},"88":{"type":"branch","line":350,"loc":{"start":{"line":350,"column":76},"end":{"line":351,"column":79}},"locations":[{"start":{"line":350,"column":76},"end":{"line":351,"column":79}}]},"89":{"type":"branch","line":374,"loc":{"start":{"line":374,"column":10},"end":{"line":376,"column":3}},"locations":[{"start":{"line":374,"column":10},"end":{"line":376,"column":3}}]},"90":{"type":"branch","line":375,"loc":{"start":{"line":375,"column":26},"end":{"line":375,"column":55}},"locations":[{"start":{"line":375,"column":26},"end":{"line":375,"column":55}}]},"91":{"type":"branch","line":382,"loc":{"start":{"line":382,"column":10},"end":{"line":401,"column":3}},"locations":[{"start":{"line":382,"column":10},"end":{"line":401,"column":3}}]},"92":{"type":"branch","line":384,"loc":{"start":{"line":384,"column":14},"end":{"line":386,"column":5}},"locations":[{"start":{"line":384,"column":14},"end":{"line":386,"column":5}}]},"93":{"type":"branch","line":400,"loc":{"start":{"line":400,"column":22},"end":{"line":400,"column":69}},"locations":[{"start":{"line":400,"column":22},"end":{"line":400,"column":69}}]},"94":{"type":"branch","line":407,"loc":{"start":{"line":407,"column":10},"end":{"line":415,"column":3}},"locations":[{"start":{"line":407,"column":10},"end":{"line":415,"column":3}}]},"95":{"type":"branch","line":410,"loc":{"start":{"line":410,"column":27},"end":{"line":412,"column":5}},"locations":[{"start":{"line":410,"column":27},"end":{"line":412,"column":5}}]},"96":{"type":"branch","line":411,"loc":{"start":{"line":411,"column":25},"end":{"line":411,"column":62}},"locations":[{"start":{"line":411,"column":25},"end":{"line":411,"column":62}}]},"97":{"type":"branch","line":417,"loc":{"start":{"line":417,"column":10},"end":{"line":425,"column":3}},"locations":[{"start":{"line":417,"column":10},"end":{"line":425,"column":3}}]},"98":{"type":"branch","line":420,"loc":{"start":{"line":420,"column":26},"end":{"line":420,"column":81}},"locations":[{"start":{"line":420,"column":26},"end":{"line":420,"column":81}}]},"99":{"type":"branch","line":420,"loc":{"start":{"line":420,"column":46},"end":{"line":420,"column":81}},"locations":[{"start":{"line":420,"column":46},"end":{"line":420,"column":81}}]},"100":{"type":"branch","line":421,"loc":{"start":{"line":421,"column":29},"end":{"line":421,"column":60}},"locations":[{"start":{"line":421,"column":29},"end":{"line":421,"column":60}}]},"101":{"type":"branch","line":422,"loc":{"start":{"line":422,"column":26},"end":{"line":422,"column":54}},"locations":[{"start":{"line":422,"column":26},"end":{"line":422,"column":54}}]},"102":{"type":"branch","line":423,"loc":{"start":{"line":423,"column":31},"end":{"line":423,"column":68}},"locations":[{"start":{"line":423,"column":31},"end":{"line":423,"column":68}}]}},"b":{"0":[34],"1":[34],"2":[23],"3":[72],"4":[72],"5":[25],"6":[47],"7":[72],"8":[25],"9":[24],"10":[23],"11":[72],"12":[25],"13":[24],"14":[23],"15":[33],"16":[33],"17":[31],"18":[2],"19":[19],"20":[14],"21":[8],"22":[25],"23":[33],"24":[13],"25":[2],"26":[11],"27":[9],"28":[8],"29":[1],"30":[7],"31":[4],"32":[0],"33":[33],"34":[5],"35":[28],"36":[3],"37":[9],"38":[10],"39":[4],"40":[3],"41":[28],"42":[28],"43":[4],"44":[2],"45":[26],"46":[6],"47":[5],"48":[23],"49":[28],"50":[17],"51":[3],"52":[8],"53":[5],"54":[3],"55":[0],"56":[28],"57":[8],"58":[2],"59":[27],"60":[26],"61":[3],"62":[2],"63":[2],"64":[36],"65":[36],"66":[7],"67":[4],"68":[2],"69":[42],"70":[23],"71":[19],"72":[33],"73":[12],"74":[7],"75":[32],"76":[5],"77":[2],"78":[23],"79":[20],"80":[22],"81":[20],"82":[68],"83":[62],"84":[68],"85":[68],"86":[6],"87":[0],"88":[0],"89":[12],"90":[14],"91":[5],"92":[0],"93":[5],"94":[23],"95":[2],"96":[7],"97":[23],"98":[68],"99":[62],"100":[68],"101":[68],"102":[68]},"fnMap":{"0":{"name":"<instance_members_initializer>","decl":{"start":{"line":23,"column":49},"end":{"line":42,"column":1}},"loc":{"start":{"line":23,"column":49},"end":{"line":42,"column":1}},"line":23},"1":{"name":"SummaryItem","decl":{"start":{"line":26,"column":2},"end":{"line":41,"column":3}},"loc":{"start":{"line":26,"column":2},"end":{"line":41,"column":3}},"line":26},"2":{"name":"<instance_members_initializer>","decl":{"start":{"line":50,"column":53},"end":{"line":90,"column":1}},"loc":{"start":{"line":50,"column":53},"end":{"line":90,"column":1}},"line":50},"3":{"name":"StatusGroupItem","decl":{"start":{"line":55,"column":2},"end":{"line":67,"column":3}},"loc":{"start":{"line":55,"column":2},"end":{"line":67,"column":3}},"line":55},"4":{"name":"_groupLabel","decl":{"start":{"line":69,"column":17},"end":{"line":78,"column":3}},"loc":{"start":{"line":69,"column":17},"end":{"line":78,"column":3}},"line":69},"5":{"name":"_groupIcon","decl":{"start":{"line":80,"column":17},"end":{"line":89,"column":3}},"loc":{"start":{"line":80,"column":17},"end":{"line":89,"column":3}},"line":80},"6":{"name":"<instance_members_initializer>","decl":{"start":{"line":96,"column":49},"end":{"line":186,"column":1}},"loc":{"start":{"line":96,"column":49},"end":{"line":186,"column":1}},"line":96},"7":{"name":"RunTreeItem","decl":{"start":{"line":101,"column":2},"end":{"line":132,"column":3}},"loc":{"start":{"line":101,"column":2},"end":{"line":132,"column":3}},"line":101},"8":{"name":"_statusIcon","decl":{"start":{"line":134,"column":17},"end":{"line":152,"column":3}},"loc":{"start":{"line":134,"column":17},"end":{"line":152,"column":3}},"line":134},"9":{"name":"_buildTooltip","decl":{"start":{"line":154,"column":17},"end":{"line":185,"column":3}},"loc":{"start":{"line":154,"column":17},"end":{"line":185,"column":3}},"line":154},"10":{"name":"<instance_members_initializer>","decl":{"start":{"line":192,"column":50},"end":{"line":285,"column":1}},"loc":{"start":{"line":192,"column":50},"end":{"line":285,"column":1}},"line":192},"11":{"name":"TaskTreeItem","decl":{"start":{"line":197,"column":2},"end":{"line":223,"column":3}},"loc":{"start":{"line":197,"column":2},"end":{"line":223,"column":3}},"line":197},"12":{"name":"_taskIcon","decl":{"start":{"line":225,"column":17},"end":{"line":241,"column":3}},"loc":{"start":{"line":225,"column":17},"end":{"line":241,"column":3}},"line":225},"13":{"name":"_buildTooltip","decl":{"start":{"line":243,"column":17},"end":{"line":284,"column":3}},"loc":{"start":{"line":243,"column":17},"end":{"line":284,"column":3}},"line":243},"14":{"name":"<instance_members_initializer>","decl":{"start":{"line":291,"column":82},"end":{"line":426,"column":1}},"loc":{"start":{"line":291,"column":82},"end":{"line":426,"column":1}},"line":291},"15":{"name":"RunsTreeDataProvider","decl":{"start":{"line":297,"column":2},"end":{"line":297,"column":41}},"loc":{"start":{"line":297,"column":2},"end":{"line":297,"column":41}},"line":297},"16":{"name":"refresh","decl":{"start":{"line":299,"column":2},"end":{"line":301,"column":3}},"loc":{"start":{"line":299,"column":2},"end":{"line":301,"column":3}},"line":299},"17":{"name":"setFilter","decl":{"start":{"line":303,"column":2},"end":{"line":306,"column":3}},"loc":{"start":{"line":303,"column":2},"end":{"line":306,"column":3}},"line":303},"18":{"name":"getTreeItem","decl":{"start":{"line":308,"column":2},"end":{"line":310,"column":3}},"loc":{"start":{"line":308,"column":2},"end":{"line":310,"column":3}},"line":308},"19":{"name":"getChildren","decl":{"start":{"line":312,"column":2},"end":{"line":326,"column":3}},"loc":{"start":{"line":312,"column":2},"end":{"line":326,"column":3}},"line":312},"20":{"name":"_getRootChildren","decl":{"start":{"line":332,"column":10},"end":{"line":368,"column":3}},"loc":{"start":{"line":332,"column":10},"end":{"line":368,"column":3}},"line":332},"21":{"name":"_getRunItems","decl":{"start":{"line":374,"column":10},"end":{"line":376,"column":3}},"loc":{"start":{"line":374,"column":10},"end":{"line":376,"column":3}},"line":374},"22":{"name":"_getTaskItems","decl":{"start":{"line":382,"column":10},"end":{"line":401,"column":3}},"loc":{"start":{"line":382,"column":10},"end":{"line":401,"column":3}},"line":382},"23":{"name":"_getFilteredRuns","decl":{"start":{"line":407,"column":10},"end":{"line":415,"column":3}},"loc":{"start":{"line":407,"column":10},"end":{"line":415,"column":3}},"line":407},"24":{"name":"_computeSummary","decl":{"start":{"line":417,"column":10},"end":{"line":425,"column":3}},"loc":{"start":{"line":417,"column":10},"end":{"line":425,"column":3}},"line":417}},"f":{"0":34,"1":34,"2":72,"3":72,"4":72,"5":72,"6":33,"7":33,"8":33,"9":33,"10":28,"11":28,"12":28,"13":28,"14":36,"15":36,"16":7,"17":4,"18":2,"19":42,"20":23,"21":12,"22":5,"23":23,"24":23}}
,"C:\\Users\\tmusk\\IdeaProjects\\babysitter\\packages\\vscode-extension\\src\\types\\index.ts": {"path":"C:\\Users\\tmusk\\IdeaProjects\\babysitter\\packages\\vscode-extension\\src\\types\\index.ts","all":true,"statementMap":{},"s":{},"branchMap":{"0":{"type":"branch","line":1,"loc":{"start":{"line":1,"column":1824},"end":{"line":73,"column":1}},"locations":[{"start":{"line":1,"column":1824},"end":{"line":73,"column":1}}]}},"b":{"0":[1]},"fnMap":{"0":{"name":"(empty-report)","decl":{"start":{"line":1,"column":1824},"end":{"line":73,"column":1}},"loc":{"start":{"line":1,"column":1824},"end":{"line":73,"column":1}},"line":1}},"f":{"0":1}}
}
