TN:
SF:src\extension.ts
FN:17,activate
FN:144,deactivate
FNF:2
FNH:2
FNDA:18,activate
FNDA:2,deactivate
DA:1,1
DA:12,1
DA:13,1
DA:14,1
DA:15,1
DA:17,1
DA:18,18
DA:19,18
DA:20,2
DA:21,2
DA:22,2
DA:23,2
DA:24,2
DA:25,16
DA:31,16
DA:32,16
DA:34,16
DA:36,16
DA:37,16
DA:38,16
DA:39,16
DA:40,16
DA:42,16
DA:48,16
DA:49,0
DA:50,0
DA:51,0
DA:52,0
DA:53,0
DA:54,0
DA:55,0
DA:58,0
DA:59,0
DA:60,0
DA:61,16
DA:63,16
DA:69,16
DA:70,16
DA:71,1
DA:72,1
DA:73,1
DA:74,16
DA:76,16
DA:77,1
DA:78,1
DA:79,16
DA:81,16
DA:82,1
DA:83,1
DA:84,1
DA:85,1
DA:86,1
DA:87,1
DA:88,1
DA:89,1
DA:90,1
DA:91,1
DA:92,1
DA:93,1
DA:94,0
DA:95,0
DA:96,0
DA:97,16
DA:99,16
DA:100,16
DA:101,16
DA:102,0
DA:103,0
DA:104,0
DA:105,0
DA:106,0
DA:107,0
DA:108,0
DA:109,0
DA:110,16
DA:112,16
DA:113,1
DA:114,1
DA:115,1
DA:116,1
DA:117,16
DA:119,16
DA:120,1
DA:121,1
DA:122,1
DA:123,1
DA:124,1
DA:125,1
DA:126,16
DA:128,16
DA:129,16
DA:130,16
DA:131,16
DA:137,16
DA:138,16
DA:139,16
DA:140,16
DA:141,16
DA:142,16
DA:144,1
DA:145,2
DA:146,2
DA:147,2
LF:103
LH:82
BRDA:17,0,0,18
BRDA:19,1,0,2
BRDA:24,2,0,16
BRDA:70,3,0,1
BRDA:76,4,0,1
BRDA:77,5,0,0
BRDA:81,6,0,1
BRDA:93,7,0,0
BRDA:90,8,0,5
BRDA:112,9,0,1
BRDA:119,10,0,1
BRDA:144,11,0,2
BRDA:145,12,0,3
BRF:13
BRH:11
end_of_record
TN:
SF:src\status-bar.ts
FN:4,<instance_members_initializer>
FN:7,StatusBarController
FN:14,update
FN:41,dispose
FNF:4
FNH:4
FNDA:20,<instance_members_initializer>
FNDA:20,StatusBarController
FNDA:22,update
FNDA:12,dispose
DA:1,1
DA:4,1
DA:5,20
DA:7,20
DA:8,20
DA:9,20
DA:10,20
DA:11,20
DA:12,20
DA:14,20
DA:15,22
DA:16,22
DA:17,13
DA:18,13
DA:19,13
DA:21,9
DA:22,11
DA:23,2
DA:24,2
DA:25,11
DA:26,7
DA:27,7
DA:28,7
DA:29,0
DA:30,0
DA:32,9
DA:33,11
DA:34,11
DA:36,9
DA:37,9
DA:38,9
DA:39,22
DA:41,20
DA:42,12
DA:43,12
DA:44,20
LF:36
LH:34
BRDA:4,0,0,20
BRDA:7,1,0,20
BRDA:14,2,0,22
BRDA:16,3,0,13
BRDA:16,4,0,13
BRDA:19,5,0,11
BRDA:19,6,0,9
BRDA:22,7,0,2
BRDA:25,8,0,7
BRDA:28,9,0,0
BRDA:30,10,0,9
BRDA:33,11,0,2
BRDA:33,12,0,9
BRDA:34,13,0,3
BRDA:34,14,0,9
BRDA:41,15,0,12
BRF:16
BRH:15
end_of_record
TN:
SF:src\__tests__\integration\__helpers__\test-fixtures.ts
FN:12,createTestWorkspace
FN:33,cleanup
FN:42,copyRecursive
FNF:3
FNH:3
FNDA:28,createTestWorkspace
FNDA:28,cleanup
FNDA:840,copyRecursive
DA:1,1
DA:5,1
DA:12,1
DA:13,28
DA:14,28
DA:15,28
DA:18,28
DA:19,28
DA:20,28
DA:21,28
DA:22,28
DA:24,28
DA:25,84
DA:26,84
DA:28,84
DA:29,84
DA:30,84
DA:31,84
DA:33,28
DA:34,28
DA:35,28
DA:36,28
DA:37,28
DA:39,28
DA:40,28
DA:42,840
DA:43,840
DA:44,0
DA:45,0
DA:47,840
DA:49,840
DA:50,336
DA:51,336
DA:52,336
DA:53,756
DA:54,756
DA:55,840
DA:56,504
DA:57,504
DA:58,840
LF:40
LH:38
BRDA:12,0,0,28
BRDA:24,1,0,84
BRDA:33,2,0,28
BRDA:42,3,0,840
BRDA:43,4,0,0
BRDA:49,5,0,336
BRDA:52,6,0,756
BRDA:55,7,0,504
BRF:8
BRH:7
end_of_record
TN:
SF:src\__tests__\performance\__helpers__\fixture-generator.ts
FN:8,generateTestUlid
FN:16,createLargeFixture
FN:191,cleanupFixture
FNF:3
FNH:3
FNDA:3445,generateTestUlid
FNDA:11,createLargeFixture
FNDA:11,cleanupFixture
DA:1,1
DA:8,3445
DA:9,3445
DA:10,3445
DA:11,3445
DA:16,1
DA:17,11
DA:18,11
DA:19,11
DA:20,11
DA:21,11
DA:22,11
DA:23,11
DA:24,11
DA:26,11
DA:27,95
DA:28,95
DA:29,95
DA:30,95
DA:32,95
DA:33,95
DA:36,95
DA:37,95
DA:38,95
DA:39,95
DA:40,95
DA:41,95
DA:42,95
DA:43,95
DA:44,95
DA:47,95
DA:48,95
DA:49,95
DA:50,95
DA:53,95
DA:54,95
DA:57,95
DA:58,95
DA:59,95
DA:60,95
DA:61,95
DA:62,95
DA:63,95
DA:64,95
DA:65,95
DA:66,95
DA:67,95
DA:70,95
DA:71,95
DA:72,1031
DA:73,1031
DA:76,1031
DA:77,1031
DA:78,1031
DA:79,1031
DA:80,1031
DA:81,1031
DA:82,1031
DA:83,1031
DA:84,1031
DA:85,1031
DA:86,1031
DA:87,1031
DA:88,1031
DA:89,1031
DA:90,1031
DA:91,1031
DA:92,1031
DA:93,1031
DA:94,1031
DA:95,1031
DA:98,1031
DA:99,824
DA:100,824
DA:101,824
DA:102,824
DA:103,824
DA:104,824
DA:105,824
DA:106,824
DA:107,824
DA:108,824
DA:109,824
DA:110,824
DA:111,824
DA:112,824
DA:113,824
DA:114,824
DA:117,1031
DA:118,1031
DA:120,1031
DA:121,1031
DA:122,1031
DA:123,1031
DA:124,1031
DA:125,1031
DA:126,1031
DA:127,1031
DA:128,1031
DA:129,1031
DA:130,1031
DA:132,1031
DA:133,824
DA:134,824
DA:135,824
DA:136,824
DA:137,824
DA:138,824
DA:139,824
DA:140,824
DA:141,824
DA:142,1031
DA:145,95
DA:146,95
DA:147,1400
DA:148,1400
DA:149,1400
DA:150,1400
DA:151,1400
DA:152,1400
DA:153,1400
DA:154,1400
DA:155,1400
DA:156,1400
DA:157,1400
DA:158,1400
DA:159,1400
DA:160,1400
DA:161,1400
DA:162,1400
DA:163,1400
DA:166,95
DA:167,95
DA:168,95
DA:169,95
DA:170,95
DA:171,52
DA:172,43
DA:173,43
DA:174,43
DA:175,43
DA:176,43
DA:177,95
DA:178,95
DA:179,95
DA:180,95
DA:181,95
DA:182,95
DA:183,95
DA:185,11
DA:186,11
DA:191,1
DA:192,11
DA:193,11
DA:194,11
DA:195,11
LF:156
LH:156
BRDA:8,0,0,3445
BRDA:16,1,0,11
BRDA:26,2,0,95
BRDA:71,3,0,1031
BRDA:81,4,0,404
BRDA:81,5,0,627
BRDA:87,6,0,404
BRDA:87,7,0,627
BRDA:98,8,0,824
BRDA:105,9,0,104
BRDA:105,10,0,720
BRDA:122,11,0,404
BRDA:122,12,0,627
BRDA:128,13,0,404
BRDA:128,14,0,627
BRDA:132,15,0,824
BRDA:135,16,0,104
BRDA:135,17,0,720
BRDA:146,18,0,1400
BRDA:167,19,0,52
BRDA:167,20,0,43
BRDA:170,21,0,52
BRDA:171,22,0,43
BRDA:191,23,0,11
BRF:24
BRH:24
end_of_record
TN:
SF:src\lib\parser.ts
FN:14,parseJournalFilename
FN:33,parseJournalDir
FN:78,parseJournalDirIncremental
FN:115,parseRunDir
FN:317,getTaskDetail
FN:398,deriveStatus
FNF:6
FNH:6
FNDA:18388,parseJournalFilename
FNDA:858,parseJournalDir
FNDA:6,parseJournalDirIncremental
FNDA:833,parseRunDir
FNDA:39,getTaskDetail
FNDA:826,deriveStatus
DA:1,1
DA:5,1
DA:14,18388
DA:15,18388
DA:16,18388
DA:17,1
DA:18,1
DA:19,18387
DA:20,18387
DA:21,18387
DA:22,18387
DA:23,18387
DA:33,1
DA:34,858
DA:35,94
DA:36,94
DA:38,764
DA:39,764
DA:40,764
DA:41,854
DA:42,0
DA:43,0
DA:45,858
DA:46,3
DA:47,3
DA:49,764
DA:50,850
DA:51,18388
DA:52,18388
DA:53,1
DA:54,1
DA:56,18387
DA:57,18387
DA:58,18387
DA:59,18387
DA:60,18387
DA:61,18387
DA:62,18388
DA:63,18388
DA:64,18388
DA:65,18388
DA:66,18388
DA:67,18388
DA:68,8
DA:69,8
DA:70,18388
DA:72,764
DA:73,764
DA:78,1
DA:79,6
DA:80,6
DA:81,6
DA:82,6
DA:83,1
DA:84,1
DA:86,5
DA:87,5
DA:88,5
DA:89,6
DA:90,0
DA:91,0
DA:93,5
DA:94,6
DA:95,1
DA:96,1
DA:98,4
DA:99,4
DA:100,4
DA:115,1
DA:116,833
DA:119,833
DA:120,833
DA:121,833
DA:122,833
DA:123,833
DA:124,7
DA:125,7
DA:127,833
DA:128,833
DA:131,833
DA:132,833
DA:135,833
DA:137,833
DA:138,17751
DA:139,11988
DA:140,11988
DA:141,11988
DA:142,0
DA:143,0
DA:144,11988
DA:145,11988
DA:146,11988
DA:147,11988
DA:148,11988
DA:149,11988
DA:150,11988
DA:151,11988
DA:152,11988
DA:153,11988
DA:154,11988
DA:155,11988
DA:156,11988
DA:157,11988
DA:158,17751
DA:159,4415
DA:160,4415
DA:161,4415
DA:162,4415
DA:163,4415
DA:164,4415
DA:165,4415
DA:166,4415
DA:167,4415
DA:168,4415
DA:169,4415
DA:170,4415
DA:171,4415
DA:172,17751
DA:175,826
DA:176,831
DA:177,633
DA:178,633
DA:179,633
DA:180,5552
DA:181,5552
DA:182,0
DA:183,0
DA:185,5552
DA:186,5552
DA:187,5552
DA:189,5552
DA:191,5550
DA:192,0
DA:193,0
DA:194,5550
DA:195,0
DA:196,0
DA:197,5550
DA:198,0
DA:199,0
DA:200,5550
DA:202,0
DA:203,0
DA:204,0
DA:205,0
DA:206,0
DA:207,0
DA:208,0
DA:209,0
DA:210,0
DA:211,0
DA:212,0
DA:215,0
DA:216,0
DA:217,0
DA:218,0
DA:219,0
DA:220,0
DA:221,0
DA:223,0
DA:224,0
DA:226,0
DA:227,0
DA:228,5552
DA:230,2
DA:231,5552
DA:232,633
DA:234,0
DA:235,633
DA:237,826
DA:240,826
DA:243,833
DA:244,833
DA:247,833
DA:248,833
DA:251,833
DA:252,833
DA:253,833
DA:256,833
DA:257,833
DA:260,833
DA:261,833
DA:262,833
DA:265,833
DA:266,39
DA:267,787
DA:270,833
DA:271,627
DA:272,199
DA:275,833
DA:276,833
DA:277,196
DA:278,196
DA:279,196
DA:280,1
DA:281,1
DA:282,1
DA:283,196
DA:285,1
DA:286,196
DA:288,826
DA:289,826
DA:290,826
DA:291,826
DA:292,826
DA:293,826
DA:294,826
DA:295,826
DA:296,826
DA:297,826
DA:298,826
DA:299,826
DA:300,828
DA:301,833
DA:302,833
DA:303,833
DA:304,833
DA:305,833
DA:306,833
DA:307,833
DA:308,833
DA:317,1
DA:318,39
DA:319,39
DA:320,3
DA:321,3
DA:324,36
DA:325,36
DA:326,37
DA:327,31
DA:328,31
DA:329,31
DA:331,0
DA:332,31
DA:334,39
DA:337,39
DA:338,39
DA:339,39
DA:340,39
DA:341,39
DA:342,39
DA:343,39
DA:344,39
DA:345,39
DA:346,39
DA:347,39
DA:348,1
DA:349,35
DA:350,39
DA:351,39
DA:352,39
DA:355,39
DA:356,39
DA:357,12
DA:358,12
DA:359,12
DA:360,12
DA:361,12
DA:362,12
DA:363,12
DA:364,10
DA:365,10
DA:366,12
DA:368,2
DA:369,12
DA:372,36
DA:373,39
DA:374,7
DA:375,7
DA:376,7
DA:378,1
DA:379,7
DA:382,36
DA:383,39
DA:384,4
DA:385,4
DA:386,4
DA:388,0
DA:389,4
DA:391,36
DA:392,36
DA:398,826
DA:400,826
DA:401,954
DA:402,954
DA:403,349
DA:404,349
DA:405,678
DA:406,278
DA:407,278
DA:408,954
DA:411,199
DA:412,254
DA:413,39
DA:414,39
DA:416,160
DA:417,160
LF:297
LH:258
BRDA:14,0,0,18388
BRDA:16,1,0,1
BRDA:18,2,0,18387
BRDA:33,3,0,858
BRDA:34,4,0,94
BRDA:36,5,0,854
BRDA:36,6,0,764
BRDA:41,7,0,0
BRDA:43,8,0,764
BRDA:45,9,0,5
BRDA:45,10,0,854
BRDA:45,11,0,3
BRDA:47,12,0,850
BRDA:47,13,0,764
BRDA:50,14,0,18388
BRDA:52,15,0,1
BRDA:54,16,0,18387
BRDA:62,17,0,1
BRDA:62,18,0,1
BRDA:63,19,0,2
BRDA:64,20,0,2
BRDA:64,21,0,2
BRDA:67,22,0,8
BRDA:70,23,0,764
BRDA:40,24,0,18474
BRDA:78,25,0,6
BRDA:82,26,0,1
BRDA:84,27,0,5
BRDA:89,28,0,0
BRDA:91,29,0,5
BRDA:94,30,0,1
BRDA:96,31,0,4
BRDA:88,32,0,214
BRDA:115,33,0,833
BRDA:123,34,0,7
BRDA:125,35,0,826
BRDA:127,36,0,0
BRDA:128,37,0,1
BRDA:137,38,0,17751
BRDA:138,39,0,11988
BRDA:140,40,0,0
BRDA:141,41,0,0
BRDA:144,42,0,5
BRDA:148,43,0,5
BRDA:148,44,0,5
BRDA:155,45,0,2171
BRDA:155,46,0,0
BRDA:155,47,0,0
BRDA:155,48,0,9817
BRDA:158,49,0,5763
BRDA:158,50,0,4415
BRDA:160,51,0,0
BRDA:163,52,0,4336
BRDA:164,53,0,567
BRDA:164,54,0,3848
BRDA:166,55,0,567
BRDA:166,56,0,3848
BRDA:172,57,0,831
BRDA:172,58,0,826
BRDA:176,59,0,633
BRDA:179,60,0,5552
BRDA:181,61,0,0
BRDA:189,62,0,5550
BRDA:191,63,0,0
BRDA:194,64,0,0
BRDA:194,65,0,0
BRDA:197,66,0,2170
BRDA:197,67,0,2170
BRDA:197,68,0,0
BRDA:200,69,0,0
BRDA:228,70,0,2
BRDA:232,71,0,0
BRDA:235,72,0,826
BRDA:243,73,0,4
BRDA:243,74,0,0
BRDA:243,75,0,4
BRDA:244,76,0,731
BRDA:244,77,0,95
BRDA:252,78,0,278
BRDA:252,79,0,0
BRDA:252,80,0,548
BRDA:253,81,0,278
BRDA:253,82,0,0
BRDA:253,83,0,548
BRDA:262,84,0,666
BRDA:262,85,0,199
BRDA:265,86,0,39
BRDA:266,87,0,27
BRDA:266,88,0,12
BRDA:266,89,0,787
BRDA:270,90,0,477
BRDA:270,91,0,627
BRDA:271,92,0,199
BRDA:276,93,0,196
BRDA:279,94,0,1
BRDA:281,95,0,0
BRDA:281,96,0,0
BRDA:283,97,0,1
BRDA:286,98,0,828
BRDA:286,99,0,826
BRDA:300,100,0,548
BRDA:301,101,0,548
BRDA:302,102,0,555
BRDA:303,103,0,555
BRDA:247,104,0,11988
BRDA:248,105,0,11988
BRDA:251,106,0,17751
BRDA:256,107,0,11988
BRDA:256,108,0,2171
BRDA:317,109,0,39
BRDA:319,110,0,3
BRDA:321,111,0,37
BRDA:321,112,0,36
BRDA:326,113,0,31
BRDA:329,114,0,0
BRDA:332,115,0,36
BRDA:334,116,0,31
BRDA:334,117,0,5
BRDA:340,118,0,31
BRDA:340,119,0,5
BRDA:340,120,0,0
BRDA:340,121,0,5
BRDA:341,122,0,31
BRDA:343,123,0,31
BRDA:344,124,0,31
BRDA:345,125,0,31
BRDA:346,126,0,31
BRDA:347,127,0,1
BRDA:348,128,0,0
BRDA:348,129,0,0
BRDA:348,130,0,35
BRDA:350,131,0,31
BRDA:356,132,0,12
BRDA:359,133,0,2
BRDA:360,134,0,2
BRDA:360,135,0,8
BRDA:361,136,0,2
BRDA:361,137,0,8
BRDA:363,138,0,10
BRDA:366,139,0,2
BRDA:369,140,0,36
BRDA:373,141,0,7
BRDA:376,142,0,1
BRDA:379,143,0,36
BRDA:383,144,0,4
BRDA:386,145,0,0
BRDA:389,146,0,36
BRDA:398,147,0,826
BRDA:400,148,0,954
BRDA:402,149,0,349
BRDA:404,150,0,678
BRDA:404,151,0,605
BRDA:405,152,0,278
BRDA:408,153,0,298
BRDA:408,154,0,254
BRDA:408,155,0,199
BRDA:412,156,0,39
BRDA:414,157,0,160
BRDA:411,158,0,40
BRF:159
BRH:134
end_of_record
TN:
SF:src\lib\run-cache.ts
FN:10,<instance_members_initializer>
FN:14,RunCache
FN:21,getAll
FN:30,getByStatus
FN:37,getById
FN:44,refresh
FN:69,refreshAll
FN:89,getDigests
FN:108,getSummary
FN:126,discoverRuns
FNF:10
FNH:10
FNDA:84,<instance_members_initializer>
FNDA:84,RunCache
FNDA:71,getAll
FNDA:4,getByStatus
FNDA:22,getById
FNDA:70,refresh
FNDA:73,refreshAll
FNDA:5,getDigests
FNDA:17,getSummary
FNDA:73,discoverRuns
DA:1,1
DA:10,1
DA:11,84
DA:12,84
DA:14,84
DA:15,84
DA:16,84
DA:21,84
DA:22,71
DA:23,71
DA:24,71
DA:25,71
DA:30,84
DA:31,4
DA:32,4
DA:37,84
DA:38,22
DA:39,22
DA:44,84
DA:45,70
DA:46,70
DA:47,4
DA:48,4
DA:49,4
DA:51,66
DA:52,66
DA:53,66
DA:54,66
DA:55,66
DA:56,70
DA:57,0
DA:58,0
DA:59,0
DA:60,70
DA:61,0
DA:62,0
DA:63,0
DA:64,70
DA:69,84
DA:70,73
DA:72,73
DA:73,73
DA:74,704
DA:75,704
DA:76,704
DA:77,704
DA:78,704
DA:79,704
DA:80,704
DA:82,0
DA:83,704
DA:84,73
DA:89,84
DA:90,5
DA:91,106
DA:92,106
DA:93,106
DA:94,106
DA:95,106
DA:96,106
DA:97,106
DA:98,106
DA:99,106
DA:100,106
DA:101,106
DA:102,5
DA:103,5
DA:108,84
DA:109,17
DA:110,17
DA:111,17
DA:112,17
DA:113,17
DA:114,17
DA:115,17
DA:116,17
DA:117,17
DA:126,84
DA:127,73
DA:128,13
DA:129,13
DA:131,60
DA:132,60
DA:133,60
DA:134,706
DA:135,706
DA:136,706
DA:137,706
DA:138,0
DA:139,0
DA:140,60
DA:141,62
DA:142,0
DA:143,0
DA:144,73
DA:145,84
LF:96
LH:85
BRDA:10,0,0,84
BRDA:14,1,0,84
BRDA:21,2,0,71
BRDA:23,3,0,646
BRDA:30,4,0,4
BRDA:31,5,0,56
BRDA:37,6,0,22
BRDA:44,7,0,70
BRDA:46,8,0,4
BRDA:49,9,0,66
BRDA:56,10,0,0
BRDA:60,11,0,0
BRDA:69,12,0,73
BRDA:73,13,0,704
BRDA:80,14,0,0
BRDA:89,15,0,5
BRDA:90,16,0,106
BRDA:97,17,0,2106
BRDA:97,18,0,403
BRDA:108,19,0,17
BRDA:112,20,0,131
BRDA:112,21,0,81
BRDA:113,22,0,131
BRDA:114,23,0,131
BRDA:115,24,0,131
BRDA:126,25,0,73
BRDA:127,26,0,13
BRDA:129,27,0,62
BRDA:129,28,0,60
BRDA:141,29,0,0
BRDA:133,30,0,706
BRDA:137,31,0,0
BRF:32
BRH:27
end_of_record
TN:
SF:src\lib\utils.ts
FN:10,formatDuration
FN:39,formatRelativeTime
FN:78,formatTimestamp
FN:104,getStatusIcon
FN:122,getKindIcon
FN:150,isStale
FN:165,truncate
FNF:7
FNH:7
FNDA:70,formatDuration
FNDA:40,formatRelativeTime
FNDA:90,formatTimestamp
FNDA:71,getStatusIcon
FNDA:40,getKindIcon
FNDA:5,isStale
FNDA:24,truncate
DA:10,1
DA:11,70
DA:12,1
DA:13,1
DA:14,70
DA:15,5
DA:16,5
DA:18,64
DA:19,64
DA:20,64
DA:21,64
DA:23,70
DA:24,2
DA:25,2
DA:26,70
DA:27,42
DA:28,42
DA:29,20
DA:30,20
DA:39,1
DA:40,40
DA:41,40
DA:42,40
DA:44,40
DA:45,1
DA:46,1
DA:47,40
DA:48,5
DA:49,5
DA:51,34
DA:52,40
DA:53,1
DA:54,1
DA:56,33
DA:57,40
DA:58,3
DA:59,3
DA:61,30
DA:62,40
DA:63,27
DA:64,27
DA:66,3
DA:67,8
DA:68,2
DA:69,2
DA:71,1
DA:72,1
DA:73,1
DA:78,1
DA:79,90
DA:80,90
DA:81,1
DA:82,1
DA:84,89
DA:85,89
DA:86,89
DA:87,89
DA:88,89
DA:90,90
DA:91,90
DA:92,90
DA:94,90
DA:95,90
DA:104,1
DA:105,71
DA:106,71
DA:107,20
DA:108,71
DA:109,24
DA:110,71
DA:111,14
DA:112,71
DA:113,11
DA:114,71
DA:115,2
DA:116,71
DA:117,71
DA:122,1
DA:123,40
DA:124,40
DA:125,7
DA:126,40
DA:127,5
DA:128,40
DA:129,6
DA:130,40
DA:131,10
DA:132,40
DA:133,5
DA:134,40
DA:135,5
DA:136,40
DA:137,2
DA:138,40
DA:139,40
DA:145,1
DA:150,1
DA:151,5
DA:152,5
DA:153,1
DA:154,1
DA:155,4
DA:156,4
DA:165,1
DA:166,24
DA:167,2
DA:168,2
DA:169,24
DA:170,16
DA:171,16
DA:172,24
DA:173,3
DA:174,3
DA:175,3
DA:176,3
LF:115
LH:115
BRDA:10,0,0,70
BRDA:11,1,0,1
BRDA:13,2,0,69
BRDA:14,3,0,5
BRDA:16,4,0,64
BRDA:23,5,0,2
BRDA:24,6,0,1
BRDA:24,7,0,1
BRDA:25,8,0,62
BRDA:26,9,0,42
BRDA:27,10,0,1
BRDA:27,11,0,41
BRDA:28,12,0,20
BRDA:39,13,0,40
BRDA:44,14,0,1
BRDA:46,15,0,39
BRDA:47,16,0,36
BRDA:47,17,0,5
BRDA:49,18,0,34
BRDA:52,19,0,1
BRDA:54,20,0,33
BRDA:57,21,0,34
BRDA:57,22,0,3
BRDA:59,23,0,30
BRDA:62,24,0,33
BRDA:62,25,0,27
BRDA:64,26,0,8
BRDA:64,27,0,3
BRDA:67,28,0,2
BRDA:69,29,0,1
BRDA:78,30,0,90
BRDA:80,31,0,89
BRDA:80,32,0,1
BRDA:90,33,0,76
BRDA:90,34,0,13
BRDA:91,35,0,69
BRDA:104,36,0,71
BRDA:106,37,0,20
BRDA:108,38,0,24
BRDA:109,39,0,13
BRDA:109,40,0,11
BRDA:110,41,0,14
BRDA:112,42,0,11
BRDA:114,43,0,2
BRDA:122,44,0,40
BRDA:124,45,0,7
BRDA:126,46,0,5
BRDA:128,47,0,6
BRDA:130,48,0,10
BRDA:132,49,0,5
BRDA:134,50,0,5
BRDA:136,51,0,2
BRDA:150,52,0,5
BRDA:152,53,0,1
BRDA:154,54,0,4
BRDA:165,55,0,24
BRDA:166,56,0,2
BRDA:168,57,0,22
BRDA:169,58,0,23
BRDA:169,59,0,16
BRDA:171,60,0,6
BRDA:172,61,0,3
BRF:62
BRH:62
end_of_record
TN:
SF:src\lib\watcher.ts
FN:21,<instance_members_initializer>
FN:32,RunWatcher
FN:37,start
FN:58,dispose
FN:77,_handleChange
FN:95,_handleDelete
FN:114,_extractRunId
FN:132,_emitDebounced
FNF:8
FNH:8
FNDA:34,<instance_members_initializer>
FNDA:30,RunWatcher
FNDA:29,start
FNDA:32,dispose
FNDA:41,_handleChange
FNDA:2,_handleDelete
FNDA:43,_extractRunId
FNDA:42,_emitDebounced
DA:1,1
DA:21,1
DA:22,34
DA:23,34
DA:25,34
DA:26,34
DA:27,34
DA:28,34
DA:30,34
DA:32,34
DA:37,34
DA:38,29
DA:39,1
DA:40,1
DA:42,28
DA:43,28
DA:44,28
DA:45,28
DA:46,28
DA:48,28
DA:50,28
DA:51,28
DA:52,28
DA:53,29
DA:58,34
DA:59,32
DA:62,32
DA:63,12
DA:64,12
DA:65,32
DA:67,32
DA:68,32
DA:70,32
DA:71,32
DA:77,34
DA:78,41
DA:79,41
DA:80,1
DA:81,1
DA:84,40
DA:85,41
DA:86,15
DA:87,15
DA:88,15
DA:89,15
DA:91,25
DA:92,25
DA:93,41
DA:95,34
DA:96,2
DA:97,2
DA:98,0
DA:99,0
DA:101,2
DA:102,2
DA:104,2
DA:105,2
DA:106,2
DA:107,0
DA:108,0
DA:109,2
DA:114,34
DA:115,43
DA:116,43
DA:118,43
DA:119,1
DA:120,1
DA:123,42
DA:125,42
DA:126,43
DA:127,43
DA:132,34
DA:133,42
DA:134,42
DA:135,15
DA:136,15
DA:138,42
DA:139,15
DA:140,15
DA:141,15
DA:142,15
DA:143,42
DA:145,42
DA:146,42
DA:147,34
LF:85
LH:81
BRDA:21,0,0,34
BRDA:32,1,0,30
BRDA:37,2,0,29
BRDA:38,3,0,1
BRDA:40,4,0,28
BRDA:50,5,0,12
BRDA:51,6,0,6
BRDA:52,7,0,2
BRDA:58,8,0,32
BRDA:62,9,0,12
BRDA:67,10,0,28
BRDA:77,11,0,41
BRDA:79,12,0,1
BRDA:81,13,0,40
BRDA:85,14,0,23
BRDA:85,15,0,16
BRDA:85,16,0,15
BRDA:89,17,0,25
BRDA:95,18,0,2
BRDA:97,19,0,0
BRDA:106,20,0,0
BRDA:114,21,0,43
BRDA:118,22,0,1
BRDA:120,23,0,42
BRDA:126,24,0,0
BRDA:132,25,0,42
BRDA:134,26,0,15
BRDA:138,27,0,15
BRF:28
BRH:25
end_of_record
TN:
SF:src\panels\breakpoint-handler.ts
FN:13,approveBreakpoint
FN:41,result
FNF:2
FNH:2
FNDA:8,approveBreakpoint
FNDA:8,result
DA:1,1
DA:13,8
DA:14,8
DA:15,8
DA:16,8
DA:17,8
DA:18,8
DA:19,8
DA:20,8
DA:22,8
DA:24,8
DA:25,1
DA:26,1
DA:29,8
DA:30,8
DA:31,8
DA:32,8
DA:33,8
DA:34,8
DA:37,8
DA:38,8
DA:41,8
DA:42,8
DA:43,8
DA:44,8
DA:45,8
DA:46,8
DA:47,8
DA:48,8
DA:50,8
DA:51,8
DA:52,8
DA:53,8
DA:54,8
DA:56,8
DA:57,8
DA:59,8
DA:60,5
DA:61,8
DA:63,8
DA:64,2
DA:65,8
DA:67,8
DA:68,7
DA:69,5
DA:70,7
DA:71,2
DA:72,2
DA:73,2
DA:74,2
DA:75,2
DA:76,8
DA:78,8
DA:79,1
DA:80,8
DA:81,8
DA:83,8
DA:84,5
DA:85,5
DA:86,5
DA:87,5
DA:88,8
DA:90,3
DA:91,3
DA:92,1
DA:93,1
DA:94,1
DA:95,1
DA:96,1
DA:97,1
DA:98,1
DA:99,1
DA:100,1
DA:102,3
DA:103,3
DA:104,3
DA:105,3
DA:106,3
DA:107,8
DA:108,0
DA:109,0
DA:110,0
DA:111,0
DA:112,8
LF:84
LH:80
BRDA:13,0,0,8
BRDA:24,1,0,1
BRDA:83,2,0,5
BRDA:88,3,0,3
BRDA:91,4,0,1
BRDA:107,5,0,0
BRDA:41,6,0,8
BRDA:59,7,0,5
BRDA:63,8,0,2
BRDA:67,9,0,7
BRDA:68,10,0,5
BRDA:69,11,0,0
BRDA:70,12,0,2
BRDA:73,13,0,0
BRDA:73,14,0,0
BRDA:78,15,0,1
BRF:16
BRH:12
end_of_record
TN:
SF:src\panels\index.ts
FN:1,(empty-report)
FNF:1
FNH:0
FNDA:0,(empty-report)
DA:1,0
LF:1
LH:0
BRDA:1,0,0,0
BRF:1
BRH:0
end_of_record
TN:
SF:src\panels\run-detail-panel.ts
FN:14,<static_initializer>
FN:28,createOrShow
FN:50,RunDetailPanel
FN:111,update
FN:121,handleMessage
FN:173,renderHtml
FN:193,dispose
FN:208,getNonce
FN:212,escHtml
FNF:9
FNH:8
FNDA:15,<static_initializer>
FNDA:13,createOrShow
FNDA:12,RunDetailPanel
FNDA:2,update
FNDA:0,handleMessage
FNDA:14,renderHtml
FNDA:3,dispose
FNDA:12,getNonce
FNDA:2,escHtml
DA:1,1
DA:14,1
DA:15,15
DA:17,15
DA:18,15
DA:19,15
DA:20,15
DA:21,15
DA:22,15
DA:28,15
DA:29,13
DA:30,13
DA:31,13
DA:32,13
DA:33,13
DA:34,13
DA:35,13
DA:36,1
DA:37,1
DA:38,1
DA:39,1
DA:41,12
DA:42,12
DA:43,12
DA:44,13
DA:50,15
DA:51,12
DA:52,12
DA:53,12
DA:54,12
DA:55,12
DA:56,12
DA:57,12
DA:58,12
DA:59,12
DA:62,12
DA:63,12
DA:64,9
DA:65,3
DA:67,12
DA:68,12
DA:69,12
DA:70,12
DA:71,12
DA:72,12
DA:73,12
DA:74,12
DA:75,12
DA:76,12
DA:79,12
DA:82,12
DA:83,12
DA:84,12
DA:85,12
DA:86,12
DA:89,12
DA:90,12
DA:91,0
DA:92,0
DA:93,0
DA:94,0
DA:95,12
DA:96,12
DA:97,12
DA:100,12
DA:101,12
DA:102,12
DA:103,12
DA:104,12
DA:105,12
DA:111,15
DA:112,2
DA:113,2
DA:114,2
DA:115,2
DA:121,15
DA:122,0
DA:123,0
DA:124,0
DA:125,0
DA:127,0
DA:128,0
DA:129,0
DA:130,0
DA:131,0
DA:132,0
DA:133,0
DA:135,0
DA:136,0
DA:137,0
DA:139,0
DA:140,0
DA:142,0
DA:143,0
DA:144,0
DA:145,0
DA:146,0
DA:147,0
DA:149,0
DA:150,0
DA:151,0
DA:152,0
DA:153,0
DA:155,0
DA:156,0
DA:157,0
DA:158,0
DA:159,0
DA:160,0
DA:161,0
DA:162,0
DA:164,0
DA:165,0
DA:166,0
DA:167,0
DA:173,15
DA:174,14
DA:175,14
DA:176,2
DA:179,2
DA:181,2
DA:182,2
DA:184,12
DA:185,12
DA:186,12
DA:187,14
DA:193,15
DA:194,3
DA:196,3
DA:198,3
DA:199,0
DA:200,0
DA:201,0
DA:202,3
DA:208,15
DA:209,12
DA:210,12
DA:212,15
DA:213,2
DA:214,2
DA:215,2
DA:216,2
DA:217,2
DA:218,2
DA:219,15
LF:145
LH:99
BRDA:14,0,0,15
BRDA:28,1,0,13
BRDA:35,2,0,1
BRDA:39,3,0,12
BRDA:50,4,0,12
BRDA:63,5,0,10
BRDA:63,6,0,9
BRDA:64,7,0,3
BRDA:111,8,0,2
BRDA:173,9,0,14
BRDA:175,10,0,13
BRDA:175,11,0,2
BRDA:182,12,0,12
BRDA:193,13,0,3
BRDA:198,14,0,0
BRDA:208,15,0,12
BRDA:212,16,0,2
BRF:17
BRH:16
end_of_record
TN:
SF:src\panels\webview-content.ts
FN:7,esc
FN:21,fmtDuration
FN:33,fmtTime
FN:49,statusIcon
FN:58,eventIcon
FN:73,generateWebviewContent
FN:703,buildStepCard
FN:719,buildEventCard
FNF:8
FNH:8
FNDA:6221,esc
FNDA:940,fmtDuration
FNDA:1173,fmtTime
FNDA:875,statusIcon
FNDA:1173,eventIcon
FNDA:65,generateWebviewContent
FNDA:875,buildStepCard
FNDA:1173,buildEventCard
DA:7,6221
DA:8,6221
DA:9,6221
DA:10,6221
DA:11,6221
DA:12,6221
DA:13,6221
DA:14,6221
DA:21,940
DA:22,940
DA:23,918
DA:24,298
DA:25,298
DA:26,298
DA:27,298
DA:28,918
DA:29,903
DA:30,280
DA:31,280
DA:33,1173
DA:34,1173
DA:35,1173
DA:36,1173
DA:37,1173
DA:38,1173
DA:39,1173
DA:40,1173
DA:41,0
DA:42,0
DA:43,1173
DA:49,875
DA:50,875
DA:51,875
DA:52,875
DA:53,875
DA:54,875
DA:55,875
DA:56,875
DA:58,1173
DA:59,1173
DA:60,1173
DA:61,1173
DA:62,1173
DA:63,1173
DA:64,1173
DA:65,1173
DA:66,1173
DA:67,1173
DA:73,1
DA:74,65
DA:75,39
DA:76,26
DA:78,65
DA:79,65
DA:81,65
DA:82,25
DA:84,25
DA:85,25
DA:87,40
DA:89,65
DA:94,65
DA:95,65
DA:460,65
DA:461,65
DA:462,65
DA:463,65
DA:466,65
DA:467,65
DA:471,65
DA:479,65
DA:498,65
DA:500,65
DA:507,65
DA:697,65
DA:703,875
DA:704,875
DA:705,875
DA:706,875
DA:707,875
DA:709,875
DA:711,875
DA:712,875
DA:713,875
DA:717,875
DA:719,1173
DA:720,1173
DA:722,1173
DA:723,1173
DA:724,1173
DA:726,1173
DA:728,1173
LF:91
LH:89
BRDA:7,0,0,6221
BRDA:21,1,0,940
BRDA:22,2,0,298
BRDA:22,3,0,642
BRDA:22,4,0,918
BRDA:22,5,0,298
BRDA:23,6,0,0
BRDA:23,7,0,298
BRDA:28,8,0,0
BRDA:28,9,0,903
BRDA:28,10,0,298
BRDA:29,11,0,18
BRDA:29,12,0,7
BRDA:29,13,0,11
BRDA:29,14,0,280
BRDA:33,15,0,1173
BRDA:40,16,0,0
BRDA:49,17,0,875
BRDA:51,18,0,230
BRDA:52,19,0,37
BRDA:53,20,0,608
BRDA:54,21,0,0
BRDA:58,22,0,1173
BRDA:60,23,0,32
BRDA:61,24,0,857
BRDA:62,25,0,256
BRDA:63,26,0,26
BRDA:64,27,0,2
BRDA:65,28,0,0
BRDA:73,29,0,65
BRDA:74,30,0,39
BRDA:75,31,0,26
BRDA:81,32,0,25
BRDA:81,33,0,25
BRDA:85,34,0,40
BRDA:461,35,0,28
BRDA:461,36,0,37
BRDA:479,37,0,27
BRDA:500,38,0,33
BRDA:78,39,0,875
BRDA:703,40,0,875
BRDA:709,41,0,0
BRDA:719,42,0,1173
BRF:43
BRH:37
end_of_record
TN:
SF:src\providers\index.ts
FN:1,(empty-report)
FNF:1
FNH:0
FNDA:0,(empty-report)
DA:1,0
LF:1
LH:0
BRDA:1,0,0,0
BRF:1
BRH:0
end_of_record
TN:
SF:src\providers\runs-tree-provider.ts
FN:23,<instance_members_initializer>
FN:26,SummaryItem
FN:50,<instance_members_initializer>
FN:55,StatusGroupItem
FN:69,_groupLabel
FN:80,_groupIcon
FN:96,<instance_members_initializer>
FN:101,RunTreeItem
FN:134,_statusIcon
FN:154,_buildTooltip
FN:192,<instance_members_initializer>
FN:197,TaskTreeItem
FN:225,_taskIcon
FN:243,_buildTooltip
FN:291,<instance_members_initializer>
FN:297,RunsTreeDataProvider
FN:299,refresh
FN:303,setFilter
FN:308,getTreeItem
FN:312,getChildren
FN:332,_getRootChildren
FN:374,_getRunItems
FN:382,_getTaskItems
FN:407,_getFilteredRuns
FN:417,_computeSummary
FNF:25
FNH:25
FNDA:34,<instance_members_initializer>
FNDA:34,SummaryItem
FNDA:72,<instance_members_initializer>
FNDA:72,StatusGroupItem
FNDA:72,_groupLabel
FNDA:72,_groupIcon
FNDA:33,<instance_members_initializer>
FNDA:33,RunTreeItem
FNDA:33,_statusIcon
FNDA:33,_buildTooltip
FNDA:28,<instance_members_initializer>
FNDA:28,TaskTreeItem
FNDA:28,_taskIcon
FNDA:28,_buildTooltip
FNDA:36,<instance_members_initializer>
FNDA:36,RunsTreeDataProvider
FNDA:7,refresh
FNDA:4,setFilter
FNDA:2,getTreeItem
FNDA:42,getChildren
FNDA:23,_getRootChildren
FNDA:12,_getRunItems
FNDA:5,_getTaskItems
FNDA:23,_getFilteredRuns
FNDA:23,_computeSummary
DA:1,1
DA:23,1
DA:24,34
DA:26,34
DA:27,34
DA:29,34
DA:30,34
DA:31,34
DA:32,34
DA:33,34
DA:34,34
DA:35,34
DA:36,23
DA:37,23
DA:38,34
DA:39,34
DA:40,34
DA:41,34
DA:42,34
DA:50,1
DA:51,72
DA:52,72
DA:53,72
DA:55,72
DA:56,72
DA:57,72
DA:58,25
DA:59,47
DA:61,72
DA:63,72
DA:64,72
DA:65,72
DA:66,72
DA:67,72
DA:69,72
DA:70,72
DA:71,72
DA:72,25
DA:73,72
DA:74,24
DA:75,72
DA:76,23
DA:77,72
DA:78,72
DA:80,72
DA:81,72
DA:82,72
DA:83,25
DA:84,72
DA:85,24
DA:86,72
DA:87,23
DA:88,72
DA:89,72
DA:90,72
DA:96,1
DA:97,33
DA:98,33
DA:99,33
DA:101,33
DA:102,33
DA:103,33
DA:105,33
DA:106,33
DA:109,33
DA:110,33
DA:111,33
DA:114,33
DA:117,33
DA:120,33
DA:121,33
DA:124,33
DA:125,33
DA:126,33
DA:127,33
DA:128,33
DA:131,33
DA:132,33
DA:134,33
DA:135,33
DA:136,33
DA:137,33
DA:138,13
DA:139,2
DA:140,11
DA:141,33
DA:142,9
DA:143,8
DA:144,1
DA:145,33
DA:146,7
DA:147,33
DA:148,4
DA:149,33
DA:150,0
DA:151,33
DA:152,33
DA:154,33
DA:155,33
DA:156,33
DA:158,33
DA:159,33
DA:160,33
DA:161,33
DA:162,33
DA:163,3
DA:164,3
DA:165,33
DA:166,33
DA:168,33
DA:169,9
DA:170,9
DA:172,33
DA:173,10
DA:174,10
DA:176,33
DA:177,4
DA:178,4
DA:180,33
DA:181,3
DA:182,3
DA:184,33
DA:185,33
DA:186,33
DA:192,1
DA:193,28
DA:194,28
DA:195,28
DA:197,28
DA:198,28
DA:199,28
DA:201,28
DA:202,28
DA:205,28
DA:206,28
DA:207,26
DA:208,26
DA:209,28
DA:212,28
DA:215,28
DA:218,28
DA:219,28
DA:222,28
DA:223,28
DA:225,28
DA:226,28
DA:227,28
DA:228,17
DA:229,28
DA:230,3
DA:231,28
DA:232,8
DA:233,8
DA:234,5
DA:235,5
DA:236,3
DA:237,3
DA:238,28
DA:239,0
DA:240,28
DA:241,28
DA:243,28
DA:244,28
DA:245,28
DA:247,28
DA:248,28
DA:249,28
DA:251,28
DA:252,8
DA:253,8
DA:255,28
DA:256,2
DA:257,2
DA:259,28
DA:260,28
DA:261,28
DA:263,28
DA:264,27
DA:265,27
DA:267,28
DA:268,26
DA:269,26
DA:271,28
DA:272,3
DA:273,3
DA:275,28
DA:276,2
DA:277,2
DA:279,28
DA:280,2
DA:281,2
DA:283,28
DA:284,28
DA:285,28
DA:291,1
DA:292,36
DA:293,36
DA:295,36
DA:297,36
DA:299,36
DA:300,7
DA:301,7
DA:303,36
DA:304,4
DA:305,4
DA:306,4
DA:308,36
DA:309,2
DA:310,2
DA:312,36
DA:313,42
DA:314,23
DA:315,23
DA:317,42
DA:318,12
DA:319,12
DA:321,42
DA:322,5
DA:323,5
DA:325,2
DA:326,42
DA:332,36
DA:333,23
DA:334,23
DA:336,23
DA:339,23
DA:342,23
DA:343,23
DA:344,23
DA:347,23
DA:349,6
DA:350,6
DA:351,0
DA:352,23
DA:353,23
DA:354,23
DA:357,23
DA:358,20
DA:359,20
DA:360,23
DA:361,22
DA:362,22
DA:363,23
DA:364,20
DA:365,20
DA:367,23
DA:368,23
DA:374,36
DA:375,12
DA:376,12
DA:382,36
DA:383,5
DA:384,5
DA:385,0
DA:386,0
DA:389,5
DA:390,0
DA:391,0
DA:392,0
DA:393,0
DA:394,0
DA:395,0
DA:396,0
DA:397,0
DA:398,5
DA:400,5
DA:401,5
DA:407,36
DA:408,23
DA:410,23
DA:411,2
DA:412,2
DA:414,23
DA:415,23
DA:417,36
DA:418,23
DA:419,23
DA:420,23
DA:421,23
DA:422,23
DA:423,23
DA:424,23
DA:425,23
DA:426,36
LF:284
LH:271
BRDA:23,0,0,34
BRDA:26,1,0,34
BRDA:35,2,0,23
BRDA:50,3,0,72
BRDA:55,4,0,72
BRDA:57,5,0,25
BRDA:58,6,0,47
BRDA:69,7,0,72
BRDA:71,8,0,25
BRDA:73,9,0,24
BRDA:75,10,0,23
BRDA:80,11,0,72
BRDA:82,12,0,25
BRDA:84,13,0,24
BRDA:86,14,0,23
BRDA:96,15,0,33
BRDA:101,16,0,33
BRDA:102,17,0,31
BRDA:102,18,0,2
BRDA:109,19,0,19
BRDA:109,20,0,14
BRDA:121,21,0,8
BRDA:121,22,0,25
BRDA:134,23,0,33
BRDA:137,24,0,13
BRDA:138,25,0,2
BRDA:139,26,0,11
BRDA:141,27,0,9
BRDA:142,28,0,8
BRDA:143,29,0,1
BRDA:145,30,0,7
BRDA:147,31,0,4
BRDA:149,32,0,0
BRDA:154,33,0,33
BRDA:160,34,0,5
BRDA:160,35,0,28
BRDA:162,36,0,3
BRDA:168,37,0,9
BRDA:172,38,0,10
BRDA:176,39,0,4
BRDA:180,40,0,3
BRDA:192,41,0,28
BRDA:197,42,0,28
BRDA:198,43,0,4
BRDA:198,44,0,2
BRDA:206,45,0,26
BRDA:218,46,0,6
BRDA:219,47,0,5
BRDA:219,48,0,23
BRDA:225,49,0,28
BRDA:227,50,0,17
BRDA:229,51,0,3
BRDA:231,52,0,8
BRDA:233,53,0,5
BRDA:235,54,0,3
BRDA:238,55,0,0
BRDA:243,56,0,28
BRDA:251,57,0,8
BRDA:255,58,0,2
BRDA:263,59,0,27
BRDA:267,60,0,26
BRDA:271,61,0,3
BRDA:275,62,0,2
BRDA:279,63,0,2
BRDA:291,64,0,36
BRDA:297,65,0,36
BRDA:299,66,0,7
BRDA:303,67,0,4
BRDA:308,68,0,2
BRDA:312,69,0,42
BRDA:313,70,0,23
BRDA:315,71,0,19
BRDA:317,72,0,33
BRDA:317,73,0,12
BRDA:319,74,0,7
BRDA:321,75,0,32
BRDA:321,76,0,5
BRDA:323,77,0,2
BRDA:332,78,0,23
BRDA:357,79,0,20
BRDA:360,80,0,22
BRDA:363,81,0,20
BRDA:342,82,0,68
BRDA:342,83,0,62
BRDA:343,84,0,68
BRDA:344,85,0,68
BRDA:347,86,0,6
BRDA:349,87,0,0
BRDA:350,88,0,0
BRDA:374,89,0,12
BRDA:375,90,0,14
BRDA:382,91,0,5
BRDA:384,92,0,0
BRDA:400,93,0,5
BRDA:407,94,0,23
BRDA:410,95,0,2
BRDA:411,96,0,7
BRDA:417,97,0,23
BRDA:420,98,0,68
BRDA:420,99,0,62
BRDA:421,100,0,68
BRDA:422,101,0,68
BRDA:423,102,0,68
BRF:103
BRH:98
end_of_record
TN:
SF:src\types\index.ts
FN:1,(empty-report)
FNF:1
FNH:1
FNDA:1,(empty-report)
LF:0
LH:0
BRDA:1,0,0,1
BRF:1
BRH:1
end_of_record
